This is pdfTeX, Version 3.14159265-2.6-1.40.15 (TeX Live 2015/dev/Debian) (preloaded format=pdflatex 2016.4.3)  11 JUL 2016 23:04
entering extended mode
 restricted \write18 enabled.
 %&-line parsing enabled.
**UserManual.tex
(./UserManual.tex
LaTeX2e <2014/05/01>
Babel <3.9l> and hyphenation patterns for 4 languages loaded.
(/usr/share/texlive/texmf-dist/tex/latex/memoir/memoir.cls
Document Class: memoir 2013/05/30 v3.7b configurable book, report, article docu
ment class
\onelineskip=\skip41
\lxvchars=\skip42
\xlvchars=\skip43
\@memcnta=\count79
\c@@memmarkcntra=\count80
(/usr/share/texlive/texmf-dist/tex/generic/oberdiek/ifpdf.sty
Package: ifpdf 2011/01/30 v2.3 Provides the ifpdf switch (HO)
Package ifpdf Info: pdfTeX in PDF mode is detected.
)
(/usr/share/texlive/texmf-dist/tex/latex/ifetex/ifetex.sty
Package: ifetex 2011/12/15 v1.2 ifetex

(/usr/share/texlive/texmf-dist/tex/plain/ifetex/ifetex.tex))
(/usr/share/texlive/texmf-dist/tex/generic/ifxetex/ifxetex.sty
Package: ifxetex 2010/09/12 v0.6 Provides ifxetex conditional
)
(/usr/share/texlive/texmf-dist/tex/generic/oberdiek/ifluatex.sty
Package: ifluatex 2010/03/01 v1.3 Provides the ifluatex switch (HO)
Package ifluatex Info: LuaTeX not detected.
)
\stockheight=\skip44
\stockwidth=\skip45
\trimtop=\skip46
\trimedge=\skip47

(/usr/share/texlive/texmf-dist/tex/latex/etex-pkg/etex.sty
Package: etex 1998/03/26 v2.0 eTeX basic definition package (PEB)
\et@xins=\count81
)
(/usr/share/texlive/texmf-dist/tex/latex/memoir/mem11.clo
File: mem11.clo 2008/01/30 v0.3 memoir class 11pt size option
)
\binding=\skip48
\spinemargin=\skip49
\foremargin=\skip50
\uppermargin=\skip51
\lowermargin=\skip52
\headdrop=\skip53
\normalrulethickness=\skip54
\mem@maxheadheight=\skip55
\mem@maxfootheight=\skip56
\headwidth=\skip57
\c@storedpagenumber=\count82
\memPD=\dimen102
\m@mabparskip=\skip58
\thanksmarkwidth=\skip59
\thanksmarksep=\skip60
\droptitle=\skip61
\c@book=\count83
\c@part=\count84
\c@chapter=\count85
\c@section=\count86
\c@subsection=\count87
\c@subsubsection=\count88
\c@paragraph=\count89
\c@subparagraph=\count90
\beforechapskip=\skip62
\midchapskip=\skip63
\afterchapskip=\skip64
\chapindent=\skip65
\bottomsectionskip=\skip66
\secindent=\skip67
\beforesecskip=\skip68
\aftersecskip=\skip69
\subsecindent=\skip70
\beforesubsecskip=\skip71
\aftersubsecskip=\skip72
\subsubsecindent=\skip73
\beforesubsubsecskip=\skip74
\aftersubsubsecskip=\skip75
\paraindent=\skip76
\beforeparaskip=\skip77
\afterparaskip=\skip78
\subparaindent=\skip79
\beforesubparaskip=\skip80
\aftersubparaskip=\skip81
\pfbreakskip=\skip82
\c@@ppsavesec=\count91
\c@@ppsaveapp=\count92
\ragrparindent=\dimen103
\everylistparindent=\dimen104
\parsepi=\skip83
\topsepi=\skip84
\itemsepi=\skip85
\parsepii=\skip86
\topsepii=\skip87
\topsepiii=\skip88
\itemsepii=\skip89
\itemsepiii=\skip90
\partopsepii=\skip91
\partopsepiii=\skip92
\m@msavetopsep=\skip93
\m@msavepartopsep=\skip94
\@enLab=\toks14
\abstitleskip=\skip95
\absleftindent=\skip96
\abs@leftindent=\dimen105
\absrightindent=\skip97
\absparindent=\skip98
\absparsep=\skip99
\c@vslineno=\count93
\c@poemline=\count94
\c@modulo@vs=\count95
\c@memfvsline=\count96
\vleftskip=\skip100
\vrightskip=\skip101
\stanzaskip=\skip102
\versewidth=\skip103
\vgap=\skip104
\vindent=\skip105
\vleftmargin=\dimen106
\c@verse=\count97
\c@chrsinstr=\count98
\beforepoemtitleskip=\skip106
\afterpoemtitleskip=\skip107
\c@poem=\count99
\beforePoemTitleskip=\skip108
\midPoemTitleskip=\skip109
\afterPoemTitleskip=\skip110
\col@sep=\dimen107
\extrarowheight=\dimen108
\NC@list=\toks15
\extratabsurround=\skip111
\backup@length=\skip112
\TX@col@width=\dimen109
\TX@old@table=\dimen110
\TX@old@col=\dimen111
\TX@target=\dimen112
\TX@delta=\dimen113
\TX@cols=\count100
\TX@ftn=\toks16
\heavyrulewidth=\dimen114
\lightrulewidth=\dimen115
\cmidrulewidth=\dimen116
\belowrulesep=\dimen117
\belowbottomsep=\dimen118
\aboverulesep=\dimen119
\abovetopsep=\dimen120
\cmidrulesep=\dimen121
\cmidrulekern=\dimen122
\defaultaddspace=\dimen123
\@cmidla=\count101
\@cmidlb=\count102
\@aboverulesep=\dimen124
\@belowrulesep=\dimen125
\@thisruleclass=\count103
\@lastruleclass=\count104
\@thisrulewidth=\dimen126
\ctableftskip=\skip113
\ctabrightskip=\skip114
\abovecolumnspenalty=\count105
\@linestogo=\count106
\@cellstogo=\count107
\@cellsincolumn=\count108
\crtok=\toks17
\@mincolumnwidth=\dimen127
\c@newflo@tctr=\count109
\mem@margin@floatbox=\box26
\@contcwidth=\skip115
\@contindw=\skip116
\abovecaptionskip=\skip117
\belowcaptionskip=\skip118
\subfloattopskip=\skip119
\subfloatcapskip=\skip120
\subfloatcaptopadj=\skip121
\subfloatbottomskip=\skip122
\subfloatlabelskip=\skip123
\subfloatcapmargin=\dimen128
\c@@contsubnum=\count110
\m@mscap@capbox=\box27
\m@mscap@fbox=\box28
\sidecapsep=\dimen129
\sidecapwidth=\dimen130
\m@m@tempdima=\dimen131
\m@mscapraise=\dimen132
\sidecapraise=\dimen133
\m@mscapmainwidth=\dimen134
\m@mscaplkern=\dimen135
\beforeepigraphskip=\skip124
\afterepigraphskip=\skip125
\epigraphwidth=\skip126
\epigraphrule=\skip127
LaTeX Info: Redefining \em on input line 7492.
LaTeX Info: Redefining \emph on input line 7500.
\tocentryskip=\skip128
\tocbaseline=\skip129
\cftparskip=\skip130
\cftbeforebookskip=\skip131
\cftbookindent=\dimen136
\cftbooknumwidth=\dimen137
\cftbeforepartskip=\skip132
\cftpartindent=\skip133
\cftpartnumwidth=\skip134
\cftbeforechapterskip=\skip135
\cftchapterindent=\skip136
\cftchapternumwidth=\skip137
\cftbeforesectionskip=\skip138
\cftsectionindent=\skip139
\cftsectionnumwidth=\skip140
\cftbeforesubsectionskip=\skip141
\cftsubsectionindent=\skip142
\cftsubsectionnumwidth=\skip143
\cftbeforesubsubsectionskip=\skip144
\cftsubsubsectionindent=\skip145
\cftsubsubsectionnumwidth=\skip146
\cftbeforeparagraphskip=\skip147
\cftparagraphindent=\skip148
\cftparagraphnumwidth=\skip149
\cftbeforesubparagraphskip=\skip150
\cftsubparagraphindent=\skip151
\cftsubparagraphnumwidth=\skip152
\prechapterprecisshift=\dimen138
\c@maxsecnumdepth=\count111
\bibindent=\dimen139
\bibitemsep=\skip153
\indexcolsep=\skip154
\indexrule=\skip155
\indexmarkstyle=\toks18
\@indexbox=\insert233
\glossarycolsep=\dimen140
\glossaryrule=\dimen141
\sideparvshift=\skip156
\sideins=\insert232
\sidebartopsep=\skip157
\sidebarhsep=\skip158
\sidebarvsep=\skip159
\sidebarwidth=\skip160
\footmarkwidth=\skip161
\footmarksep=\skip162
\footparindent=\skip163
\footinsdim=\skip164
\footinsv@r=\insert231
\@mpfootinsv@r=\insert230
\m@m@k=\count112
\m@m@h=\dimen142
\m@mipn@skip=\skip165
\sidefootins=\insert229
\sidefootadjust=\skip166
\sidefootheight=\skip167
\sidefoothsep=\skip168
\sidefootvsep=\skip169
\sidefootwidth=\skip170
\m@mdownsf=\skip171
\c@sidefootnote=\count113
\sidefootmarkwidth=\skip172
\sidefootmarksep=\skip173
\sidefootparindent=\skip174
\c@pagenote=\count114
\c@pagenoteshadow=\count115
\mem@pn@lastkern=\skip175
\every@verbatim=\toks19
\afterevery@verbatim=\toks20
\verbatim@line=\toks21
\tab@position=\count116
\verbatim@in@stream=\read1
\verbatimindent=\skip176
\verbatim@out=\write3
\bvboxsep=\skip177
\c@memfbvline=\count117
\c@bvlinectr=\count118
\bvnumlength=\skip178
\fb@frw=\dimen143
\fb@frh=\dimen144
\FrameRule=\dimen145
\FrameSep=\dimen146
\c@cp@cntr=\count119
LaTeX Info: Redefining \: on input line 11958.
LaTeX Info: Redefining \! on input line 11960.
\c@ism@mctr=\count120
\c@xsm@mctr=\count121
\c@csm@mctr=\count122
\c@ksm@mctr=\count123
\c@xksm@mctr=\count124
\c@cksm@mctr=\count125
\c@msm@mctr=\count126
\c@xmsm@mctr=\count127
\c@cmsm@mctr=\count128
\c@bsm@mctr=\count129
\c@workm@mctr=\count130
\c@sheetsequence=\count131
\c@lastsheet=\count132
\c@lastpage=\count133
\c@figure=\count134
\c@lofdepth=\count135
\cftbeforefigureskip=\skip179
\cftfigureindent=\skip180
\cftfigurenumwidth=\skip181
\c@table=\count136
\c@lotdepth=\count137
\cftbeforetableskip=\skip182
\cfttableindent=\skip183
\cfttablenumwidth=\skip184
Package abstract [2008/07/23] emulated by memoir.
Package appendix [2008/07/23] emulated by memoir.
Package array [2008/09/09] emulated by memoir.
Package booktabs [2008/07/23] emulated by memoir.
Package ccaption [2008/07/23] emulated by memoir.
Package changepage [2008/07/23] emulated by memoir.
Package chngcntr [2008/07/23] emulated by memoir.
Package chngpage [2008/07/23] emulated by memoir.
Package crop emulated by memoir.
Package dcolumn [2008/07/23] emulated by memoir.
Package delarray [2008/07/23] emulated by memoir.
Package enumerate [2008/07/23] emulated by memoir.
Package epigraph [2008/07/23] emulated by memoir.
Package ifmtarg [2008/07/23] emulated by memoir.
Package index [2008/07/23] emulated by memoir.
Package makeidx [2008/07/23] emulated by memoir.
Package moreverb [2008/07/23] emulated by memoir.
Package mparhack [2008/07/23] emulated by memoir.
Package needspace [2008/07/23] emulated by memoir.
Package newfile [2008/07/23] emulated by memoir.
Package nextpage [2008/07/23] emulated by memoir.
Package pagenote [2008/07/23] emulated by memoir.
Package parskip [2008/07/23] emulated by memoir.
Package patchcmd [2008/07/23] emulated by memoir.
Package setspace [2008/07/23] emulated by memoir.
Package shortvrb [2008/07/23] emulated by memoir.
Package showidx [2008/07/23] emulated by memoir.
Package tabularx [2008/07/23] emulated by memoir.
Package titleref [2008/07/23] emulated by memoir.
Package titling [2008/07/23] emulated by memoir.
Package tocbibind [2008/07/23] emulated by memoir.
Package tocloft [2008/07/23] emulated by memoir.
Package tocvsec2 [2008/07/23] emulated by memoir.
Package verbatim [2008/07/23] emulated by memoir.
Package verse [2008/07/23] emulated by memoir.

(/usr/share/texlive/texmf-dist/tex/latex/memoir/mempatch.sty
Package: mempatch 2009/07/24 v6.0f Patches for memoir class v1.6180339
))
(/usr/share/texmf/tex/latex/lm/lmodern.sty
Package: lmodern 2009/10/30 v1.6 Latin Modern Fonts
LaTeX Font Info:    Overwriting symbol font `operators' in version `normal'
(Font)                  OT1/cmr/m/n --> OT1/lmr/m/n on input line 22.
LaTeX Font Info:    Overwriting symbol font `letters' in version `normal'
(Font)                  OML/cmm/m/it --> OML/lmm/m/it on input line 23.
LaTeX Font Info:    Overwriting symbol font `symbols' in version `normal'
(Font)                  OMS/cmsy/m/n --> OMS/lmsy/m/n on input line 24.
LaTeX Font Info:    Overwriting symbol font `largesymbols' in version `normal'
(Font)                  OMX/cmex/m/n --> OMX/lmex/m/n on input line 25.
LaTeX Font Info:    Overwriting symbol font `operators' in version `bold'
(Font)                  OT1/cmr/bx/n --> OT1/lmr/bx/n on input line 26.
LaTeX Font Info:    Overwriting symbol font `letters' in version `bold'
(Font)                  OML/cmm/b/it --> OML/lmm/b/it on input line 27.
LaTeX Font Info:    Overwriting symbol font `symbols' in version `bold'
(Font)                  OMS/cmsy/b/n --> OMS/lmsy/b/n on input line 28.
LaTeX Font Info:    Overwriting symbol font `largesymbols' in version `bold'
(Font)                  OMX/cmex/m/n --> OMX/lmex/m/n on input line 29.
LaTeX Font Info:    Overwriting math alphabet `\mathbf' in version `normal'
(Font)                  OT1/cmr/bx/n --> OT1/lmr/bx/n on input line 31.
LaTeX Font Info:    Overwriting math alphabet `\mathsf' in version `normal'
(Font)                  OT1/cmss/m/n --> OT1/lmss/m/n on input line 32.
LaTeX Font Info:    Overwriting math alphabet `\mathit' in version `normal'
(Font)                  OT1/cmr/m/it --> OT1/lmr/m/it on input line 33.
LaTeX Font Info:    Overwriting math alphabet `\mathtt' in version `normal'
(Font)                  OT1/cmtt/m/n --> OT1/lmtt/m/n on input line 34.
LaTeX Font Info:    Overwriting math alphabet `\mathbf' in version `bold'
(Font)                  OT1/cmr/bx/n --> OT1/lmr/bx/n on input line 35.
LaTeX Font Info:    Overwriting math alphabet `\mathsf' in version `bold'
(Font)                  OT1/cmss/bx/n --> OT1/lmss/bx/n on input line 36.
LaTeX Font Info:    Overwriting math alphabet `\mathit' in version `bold'
(Font)                  OT1/cmr/bx/it --> OT1/lmr/bx/it on input line 37.
LaTeX Font Info:    Overwriting math alphabet `\mathtt' in version `bold'
(Font)                  OT1/cmtt/m/n --> OT1/lmtt/m/n on input line 38.
)
(/usr/share/texlive/texmf-dist/tex/latex/wallpaper/wallpaper.sty
Package: wallpaper 2005/01/18, v1.01 easy wallpaper formatting (MHFW)

(/usr/share/texlive/texmf-dist/tex/latex/base/ifthen.sty
Package: ifthen 2014/09/29 v1.1c Standard LaTeX ifthen package (DPC)
)
(/usr/share/texlive/texmf-dist/tex/latex/tools/calc.sty
Package: calc 2014/10/28 v4.3 Infix arithmetic (KKT,FJ)
\calc@Acount=\count138
\calc@Bcount=\count139
\calc@Adimen=\dimen147
\calc@Bdimen=\dimen148
\calc@Askip=\skip185
\calc@Bskip=\skip186
LaTeX Info: Redefining \setlength on input line 75.
LaTeX Info: Redefining \addtolength on input line 76.
\calc@Ccount=\count140
\calc@Cskip=\skip187
)
(/usr/share/texlive/texmf-dist/tex/latex/eso-pic/eso-pic.sty
Package: eso-pic 2013/10/06 v2.0d eso-pic (RN)

(/usr/share/texlive/texmf-dist/tex/generic/oberdiek/atbegshi.sty
Package: atbegshi 2011/10/05 v1.16 At begin shipout hook (HO)

(/usr/share/texlive/texmf-dist/tex/generic/oberdiek/infwarerr.sty
Package: infwarerr 2010/04/08 v1.3 Providing info/warning/error messages (HO)
)
(/usr/share/texlive/texmf-dist/tex/generic/oberdiek/ltxcmds.sty
Package: ltxcmds 2011/11/09 v1.22 LaTeX kernel commands for general use (HO)
))
(/usr/share/texlive/texmf-dist/tex/latex/graphics/keyval.sty
Package: keyval 2014/05/08 v1.15 key=value parser (DPC)
\KV@toks@=\toks22
)
(/usr/share/texlive/texmf-dist/tex/latex/xcolor/xcolor.sty
Package: xcolor 2007/01/21 v2.11 LaTeX color extensions (UK)

(/usr/share/texlive/texmf-dist/tex/latex/latexconfig/color.cfg
File: color.cfg 2007/01/18 v1.5 color configuration of teTeX/TeXLive
)
Package xcolor Info: Driver file: pdftex.def on input line 225.

(/usr/share/texlive/texmf-dist/tex/latex/pdftex-def/pdftex.def
File: pdftex.def 2011/05/27 v0.06d Graphics/color for pdfTeX
\Gread@gobject=\count141
)
Package xcolor Info: Model `cmy' substituted by `cmy0' on input line 1337.
Package xcolor Info: Model `hsb' substituted by `rgb' on input line 1341.
Package xcolor Info: Model `RGB' extended on input line 1353.
Package xcolor Info: Model `HTML' substituted by `rgb' on input line 1355.
Package xcolor Info: Model `Hsb' substituted by `hsb' on input line 1356.
Package xcolor Info: Model `tHsb' substituted by `hsb' on input line 1357.
Package xcolor Info: Model `HSB' substituted by `hsb' on input line 1358.
Package xcolor Info: Model `Gray' substituted by `gray' on input line 1359.
Package xcolor Info: Model `wave' substituted by `hsb' on input line 1360.

(/usr/share/texlive/texmf-dist/tex/latex/xcolor/svgnam.def
File: svgnam.def 2007/01/21 v2.11 Predefined colors according to SVG 1.1 (UK)
)
(/usr/share/texlive/texmf-dist/tex/latex/xcolor/x11nam.def
File: x11nam.def 2007/01/21 v2.11 Predefined colors according to Unix/X11 (UK)
)))
(/usr/share/texlive/texmf-dist/tex/latex/graphics/graphicx.sty
Package: graphicx 2014/04/25 v1.0g Enhanced LaTeX Graphics (DPC,SPQR)

(/usr/share/texlive/texmf-dist/tex/latex/graphics/graphics.sty
Package: graphics 2009/02/05 v1.0o Standard LaTeX Graphics (DPC,SPQR)

(/usr/share/texlive/texmf-dist/tex/latex/graphics/trig.sty
Package: trig 1999/03/16 v1.09 sin cos tan (DPC)
)
(/usr/share/texlive/texmf-dist/tex/latex/latexconfig/graphics.cfg
File: graphics.cfg 2010/04/23 v1.9 graphics configuration of TeX Live
)
Package graphics Info: Driver file: pdftex.def on input line 91.
)
\Gin@req@height=\dimen149
\Gin@req@width=\dimen150
)
\wpXoffset=\skip188
\wpYoffset=\skip189
\tileXoffset=\skip190
\tileYoffset=\skip191
\tilewidth=\skip192
\tileheight=\skip193
\tileX=\skip194
\tileY=\skip195
)
(/usr/share/texlive/texmf-dist/tex/latex/pgf/frontendlayer/tikz.sty
(/usr/share/texlive/texmf-dist/tex/latex/pgf/basiclayer/pgf.sty
(/usr/share/texlive/texmf-dist/tex/latex/pgf/utilities/pgfrcs.sty
(/usr/share/texlive/texmf-dist/tex/generic/pgf/utilities/pgfutil-common.tex
\pgfutil@everybye=\toks23
\pgfutil@tempdima=\dimen151
\pgfutil@tempdimb=\dimen152

(/usr/share/texlive/texmf-dist/tex/generic/pgf/utilities/pgfutil-common-lists.t
ex)) (/usr/share/texlive/texmf-dist/tex/generic/pgf/utilities/pgfutil-latex.def
\pgfutil@abb=\box29
(/usr/share/texlive/texmf-dist/tex/latex/ms/everyshi.sty
Package: everyshi 2001/05/15 v3.00 EveryShipout Package (MS)
))
(/usr/share/texlive/texmf-dist/tex/generic/pgf/utilities/pgfrcs.code.tex
Package: pgfrcs 2013/12/20 v3.0.0 (rcs-revision 1.28)
))
Package: pgf 2013/12/18 v3.0.0 (rcs-revision 1.14)

(/usr/share/texlive/texmf-dist/tex/latex/pgf/basiclayer/pgfcore.sty
(/usr/share/texlive/texmf-dist/tex/latex/pgf/systemlayer/pgfsys.sty
(/usr/share/texlive/texmf-dist/tex/generic/pgf/systemlayer/pgfsys.code.tex
Package: pgfsys 2013/11/30 v3.0.0 (rcs-revision 1.47)

(/usr/share/texlive/texmf-dist/tex/generic/pgf/utilities/pgfkeys.code.tex
\pgfkeys@pathtoks=\toks24
\pgfkeys@temptoks=\toks25

(/usr/share/texlive/texmf-dist/tex/generic/pgf/utilities/pgfkeysfiltered.code.t
ex
\pgfkeys@tmptoks=\toks26
))
\pgf@x=\dimen153
\pgf@y=\dimen154
\pgf@xa=\dimen155
\pgf@ya=\dimen156
\pgf@xb=\dimen157
\pgf@yb=\dimen158
\pgf@xc=\dimen159
\pgf@yc=\dimen160
\w@pgf@writea=\write4
\r@pgf@reada=\read2
\c@pgf@counta=\count142
\c@pgf@countb=\count143
\c@pgf@countc=\count144
\c@pgf@countd=\count145
\t@pgf@toka=\toks27
\t@pgf@tokb=\toks28
\t@pgf@tokc=\toks29
 (/usr/share/texlive/texmf-dist/tex/generic/pgf/systemlayer/pgf.cfg
File: pgf.cfg 2008/05/14  (rcs-revision 1.7)
)
Driver file for pgf: pgfsys-pdftex.def

(/usr/share/texlive/texmf-dist/tex/generic/pgf/systemlayer/pgfsys-pdftex.def
File: pgfsys-pdftex.def 2013/07/18  (rcs-revision 1.33)

(/usr/share/texlive/texmf-dist/tex/generic/pgf/systemlayer/pgfsys-common-pdf.de
f
File: pgfsys-common-pdf.def 2013/10/10  (rcs-revision 1.13)
)))
(/usr/share/texlive/texmf-dist/tex/generic/pgf/systemlayer/pgfsyssoftpath.code.
tex
File: pgfsyssoftpath.code.tex 2013/09/09  (rcs-revision 1.9)
\pgfsyssoftpath@smallbuffer@items=\count146
\pgfsyssoftpath@bigbuffer@items=\count147
)
(/usr/share/texlive/texmf-dist/tex/generic/pgf/systemlayer/pgfsysprotocol.code.
tex
File: pgfsysprotocol.code.tex 2006/10/16  (rcs-revision 1.4)
))
(/usr/share/texlive/texmf-dist/tex/generic/pgf/basiclayer/pgfcore.code.tex
Package: pgfcore 2010/04/11 v3.0.0 (rcs-revision 1.7)

(/usr/share/texlive/texmf-dist/tex/generic/pgf/math/pgfmath.code.tex
(/usr/share/texlive/texmf-dist/tex/generic/pgf/math/pgfmathcalc.code.tex
(/usr/share/texlive/texmf-dist/tex/generic/pgf/math/pgfmathutil.code.tex)
(/usr/share/texlive/texmf-dist/tex/generic/pgf/math/pgfmathparser.code.tex
\pgfmath@dimen=\dimen161
\pgfmath@count=\count148
\pgfmath@box=\box30
\pgfmath@toks=\toks30
\pgfmath@stack@operand=\toks31
\pgfmath@stack@operation=\toks32
)
(/usr/share/texlive/texmf-dist/tex/generic/pgf/math/pgfmathfunctions.code.tex
(/usr/share/texlive/texmf-dist/tex/generic/pgf/math/pgfmathfunctions.basic.code
.tex)
(/usr/share/texlive/texmf-dist/tex/generic/pgf/math/pgfmathfunctions.trigonomet
ric.code.tex)
(/usr/share/texlive/texmf-dist/tex/generic/pgf/math/pgfmathfunctions.random.cod
e.tex)
(/usr/share/texlive/texmf-dist/tex/generic/pgf/math/pgfmathfunctions.comparison
.code.tex)
(/usr/share/texlive/texmf-dist/tex/generic/pgf/math/pgfmathfunctions.base.code.
tex)
(/usr/share/texlive/texmf-dist/tex/generic/pgf/math/pgfmathfunctions.round.code
.tex)
(/usr/share/texlive/texmf-dist/tex/generic/pgf/math/pgfmathfunctions.misc.code.
tex)
(/usr/share/texlive/texmf-dist/tex/generic/pgf/math/pgfmathfunctions.integerari
thmetics.code.tex)))
(/usr/share/texlive/texmf-dist/tex/generic/pgf/math/pgfmathfloat.code.tex
\c@pgfmathroundto@lastzeros=\count149
))
(/usr/share/texlive/texmf-dist/tex/generic/pgf/basiclayer/pgfcorepoints.code.te
x
File: pgfcorepoints.code.tex 2013/10/07  (rcs-revision 1.27)
\pgf@picminx=\dimen162
\pgf@picmaxx=\dimen163
\pgf@picminy=\dimen164
\pgf@picmaxy=\dimen165
\pgf@pathminx=\dimen166
\pgf@pathmaxx=\dimen167
\pgf@pathminy=\dimen168
\pgf@pathmaxy=\dimen169
\pgf@xx=\dimen170
\pgf@xy=\dimen171
\pgf@yx=\dimen172
\pgf@yy=\dimen173
\pgf@zx=\dimen174
\pgf@zy=\dimen175
)
(/usr/share/texlive/texmf-dist/tex/generic/pgf/basiclayer/pgfcorepathconstruct.
code.tex
File: pgfcorepathconstruct.code.tex 2013/10/07  (rcs-revision 1.29)
\pgf@path@lastx=\dimen176
\pgf@path@lasty=\dimen177
)
(/usr/share/texlive/texmf-dist/tex/generic/pgf/basiclayer/pgfcorepathusage.code
.tex
File: pgfcorepathusage.code.tex 2013/12/13  (rcs-revision 1.23)
\pgf@shorten@end@additional=\dimen178
\pgf@shorten@start@additional=\dimen179
)
(/usr/share/texlive/texmf-dist/tex/generic/pgf/basiclayer/pgfcorescopes.code.te
x
File: pgfcorescopes.code.tex 2013/10/09  (rcs-revision 1.44)
\pgfpic=\box31
\pgf@hbox=\box32
\pgf@layerbox@main=\box33
\pgf@picture@serial@count=\count150
)
(/usr/share/texlive/texmf-dist/tex/generic/pgf/basiclayer/pgfcoregraphicstate.c
ode.tex
File: pgfcoregraphicstate.code.tex 2013/09/19  (rcs-revision 1.11)
\pgflinewidth=\dimen180
)
(/usr/share/texlive/texmf-dist/tex/generic/pgf/basiclayer/pgfcoretransformation
s.code.tex
File: pgfcoretransformations.code.tex 2013/10/10  (rcs-revision 1.17)
\pgf@pt@x=\dimen181
\pgf@pt@y=\dimen182
\pgf@pt@temp=\dimen183
)
(/usr/share/texlive/texmf-dist/tex/generic/pgf/basiclayer/pgfcorequick.code.tex
File: pgfcorequick.code.tex 2008/10/09  (rcs-revision 1.3)
)
(/usr/share/texlive/texmf-dist/tex/generic/pgf/basiclayer/pgfcoreobjects.code.t
ex
File: pgfcoreobjects.code.tex 2006/10/11  (rcs-revision 1.2)
)
(/usr/share/texlive/texmf-dist/tex/generic/pgf/basiclayer/pgfcorepathprocessing
.code.tex
File: pgfcorepathprocessing.code.tex 2013/09/09  (rcs-revision 1.9)
)
(/usr/share/texlive/texmf-dist/tex/generic/pgf/basiclayer/pgfcorearrows.code.te
x
File: pgfcorearrows.code.tex 2013/11/07  (rcs-revision 1.40)
\pgfarrowsep=\dimen184
)
(/usr/share/texlive/texmf-dist/tex/generic/pgf/basiclayer/pgfcoreshade.code.tex
File: pgfcoreshade.code.tex 2013/07/15  (rcs-revision 1.15)
\pgf@max=\dimen185
\pgf@sys@shading@range@num=\count151
)
(/usr/share/texlive/texmf-dist/tex/generic/pgf/basiclayer/pgfcoreimage.code.tex
File: pgfcoreimage.code.tex 2013/07/15  (rcs-revision 1.18)

(/usr/share/texlive/texmf-dist/tex/generic/pgf/basiclayer/pgfcoreexternal.code.
tex
File: pgfcoreexternal.code.tex 2013/07/15  (rcs-revision 1.20)
\pgfexternal@startupbox=\box34
))
(/usr/share/texlive/texmf-dist/tex/generic/pgf/basiclayer/pgfcorelayers.code.te
x
File: pgfcorelayers.code.tex 2013/07/18  (rcs-revision 1.7)
)
(/usr/share/texlive/texmf-dist/tex/generic/pgf/basiclayer/pgfcoretransparency.c
ode.tex
File: pgfcoretransparency.code.tex 2013/09/30  (rcs-revision 1.5)
)
(/usr/share/texlive/texmf-dist/tex/generic/pgf/basiclayer/pgfcorepatterns.code.
tex
File: pgfcorepatterns.code.tex 2013/11/07  (rcs-revision 1.5)
)))
(/usr/share/texlive/texmf-dist/tex/generic/pgf/modules/pgfmoduleshapes.code.tex
File: pgfmoduleshapes.code.tex 2013/10/31  (rcs-revision 1.34)
\pgfnodeparttextbox=\box35
) (/usr/share/texlive/texmf-dist/tex/generic/pgf/modules/pgfmoduleplot.code.tex
File: pgfmoduleplot.code.tex 2013/07/31  (rcs-revision 1.12)
)
(/usr/share/texlive/texmf-dist/tex/latex/pgf/compatibility/pgfcomp-version-0-65
.sty
Package: pgfcomp-version-0-65 2007/07/03 v3.0.0 (rcs-revision 1.7)
\pgf@nodesepstart=\dimen186
\pgf@nodesepend=\dimen187
)
(/usr/share/texlive/texmf-dist/tex/latex/pgf/compatibility/pgfcomp-version-1-18
.sty
Package: pgfcomp-version-1-18 2007/07/23 v3.0.0 (rcs-revision 1.1)
)) (/usr/share/texlive/texmf-dist/tex/latex/pgf/utilities/pgffor.sty
(/usr/share/texlive/texmf-dist/tex/latex/pgf/utilities/pgfkeys.sty
(/usr/share/texlive/texmf-dist/tex/generic/pgf/utilities/pgfkeys.code.tex))
(/usr/share/texlive/texmf-dist/tex/latex/pgf/math/pgfmath.sty
(/usr/share/texlive/texmf-dist/tex/generic/pgf/math/pgfmath.code.tex))
(/usr/share/texlive/texmf-dist/tex/generic/pgf/utilities/pgffor.code.tex
Package: pgffor 2013/12/13 v3.0.0 (rcs-revision 1.25)

(/usr/share/texlive/texmf-dist/tex/generic/pgf/math/pgfmath.code.tex)
\pgffor@iter=\dimen188
\pgffor@skip=\dimen189
\pgffor@stack=\toks33
\pgffor@toks=\toks34
))
(/usr/share/texlive/texmf-dist/tex/generic/pgf/frontendlayer/tikz/tikz.code.tex
Package: tikz 2013/12/13 v3.0.0 (rcs-revision 1.142)

(/usr/share/texlive/texmf-dist/tex/generic/pgf/libraries/pgflibraryplothandlers
.code.tex
File: pgflibraryplothandlers.code.tex 2013/08/31 v3.0.0 (rcs-revision 1.20)
\pgf@plot@mark@count=\count152
\pgfplotmarksize=\dimen190
)
\tikz@lastx=\dimen191
\tikz@lasty=\dimen192
\tikz@lastxsaved=\dimen193
\tikz@lastysaved=\dimen194
\tikzleveldistance=\dimen195
\tikzsiblingdistance=\dimen196
\tikz@figbox=\box36
\tikz@figbox@bg=\box37
\tikz@tempbox=\box38
\tikz@tempbox@bg=\box39
\tikztreelevel=\count153
\tikznumberofchildren=\count154
\tikznumberofcurrentchild=\count155
\tikz@fig@count=\count156

(/usr/share/texlive/texmf-dist/tex/generic/pgf/modules/pgfmodulematrix.code.tex
File: pgfmodulematrix.code.tex 2013/09/17  (rcs-revision 1.8)
\pgfmatrixcurrentrow=\count157
\pgfmatrixcurrentcolumn=\count158
\pgf@matrix@numberofcolumns=\count159
)
\tikz@expandcount=\count160

(/usr/share/texlive/texmf-dist/tex/generic/pgf/frontendlayer/tikz/libraries/tik
zlibrarytopaths.code.tex
File: tikzlibrarytopaths.code.tex 2008/06/17 v3.0.0 (rcs-revision 1.2)
)))
(/usr/share/texlive/texmf-dist/tex/latex/listings/listings.sty
\lst@mode=\count161
\lst@gtempboxa=\box40
\lst@token=\toks35
\lst@length=\count162
\lst@currlwidth=\dimen197
\lst@column=\count163
\lst@pos=\count164
\lst@lostspace=\dimen198
\lst@width=\dimen199
\lst@newlines=\count165
\lst@lineno=\count166
\lst@maxwidth=\dimen200

(/usr/share/texlive/texmf-dist/tex/latex/listings/lstmisc.sty
File: lstmisc.sty 2014/09/06 1.5e (Carsten Heinz)
\c@lstnumber=\count167
\lst@skipnumbers=\count168
\lst@framebox=\box41
)
(/usr/share/texlive/texmf-dist/tex/latex/listings/listings.cfg
File: listings.cfg 2014/09/06 1.5e listings configuration
))
Package: listings 2014/09/06 1.5e (Carsten Heinz)

(/usr/share/texlive/texmf-dist/tex/generic/pgf/frontendlayer/tikz/libraries/tik
zlibraryshapes.code.tex
File: tikzlibraryshapes.code.tex 2008/01/09 v3.0.0 (rcs-revision 1.1)

(/usr/share/texlive/texmf-dist/tex/generic/pgf/frontendlayer/tikz/libraries/tik
zlibraryshapes.geometric.code.tex
File: tikzlibraryshapes.geometric.code.tex 2008/01/09 v3.0.0 (rcs-revision 1.1)


(/usr/share/texlive/texmf-dist/tex/generic/pgf/libraries/shapes/pgflibraryshape
s.geometric.code.tex
File: pgflibraryshapes.geometric.code.tex 2008/06/26 v3.0.0 (rcs-revision 1.1)
))
(/usr/share/texlive/texmf-dist/tex/generic/pgf/frontendlayer/tikz/libraries/tik
zlibraryshapes.misc.code.tex
File: tikzlibraryshapes.misc.code.tex 2008/01/09 v3.0.0 (rcs-revision 1.1)

(/usr/share/texlive/texmf-dist/tex/generic/pgf/libraries/shapes/pgflibraryshape
s.misc.code.tex
File: pgflibraryshapes.misc.code.tex 2013/07/18 v3.0.0 (rcs-revision 1.5)
))
(/usr/share/texlive/texmf-dist/tex/generic/pgf/frontendlayer/tikz/libraries/tik
zlibraryshapes.symbols.code.tex
File: tikzlibraryshapes.symbols.code.tex 2008/01/09 v3.0.0 (rcs-revision 1.1)

(/usr/share/texlive/texmf-dist/tex/generic/pgf/libraries/shapes/pgflibraryshape
s.symbols.code.tex
File: pgflibraryshapes.symbols.code.tex 2013/09/11 v3.0.0 (rcs-revision 1.6)
))
(/usr/share/texlive/texmf-dist/tex/generic/pgf/frontendlayer/tikz/libraries/tik
zlibraryshapes.arrows.code.tex
File: tikzlibraryshapes.arrows.code.tex 2008/01/09 v3.0.0 (rcs-revision 1.1)

(/usr/share/texlive/texmf-dist/tex/generic/pgf/libraries/shapes/pgflibraryshape
s.arrows.code.tex
File: pgflibraryshapes.arrows.code.tex 2008/06/26 v3.0.0 (rcs-revision 1.1)
))
(/usr/share/texlive/texmf-dist/tex/generic/pgf/frontendlayer/tikz/libraries/tik
zlibraryshapes.callouts.code.tex
(/usr/share/texlive/texmf-dist/tex/generic/pgf/libraries/shapes/pgflibraryshape
s.callouts.code.tex))
(/usr/share/texlive/texmf-dist/tex/generic/pgf/frontendlayer/tikz/libraries/tik
zlibraryshapes.multipart.code.tex
File: tikzlibraryshapes.multipart.code.tex 2008/01/09 v3.0.0 (rcs-revision 1.1)


(/usr/share/texlive/texmf-dist/tex/generic/pgf/libraries/shapes/pgflibraryshape
s.multipart.code.tex
File: pgflibraryshapes.multipart.code.tex 2010/01/07 v3.0.0 (rcs-revision 1.2)
\pgfnodepartlowerbox=\box42
\pgfnodeparttwobox=\box43
\pgfnodepartthreebox=\box44
\pgfnodepartfourbox=\box45
\pgfnodeparttwentybox=\box46
\pgfnodepartnineteenbox=\box47
\pgfnodeparteighteenbox=\box48
\pgfnodepartseventeenbox=\box49
\pgfnodepartsixteenbox=\box50
\pgfnodepartfifteenbox=\box51
\pgfnodepartfourteenbox=\box52
\pgfnodepartthirteenbox=\box53
\pgfnodeparttwelvebox=\box54
\pgfnodepartelevenbox=\box55
\pgfnodeparttenbox=\box56
\pgfnodepartninebox=\box57
\pgfnodeparteightbox=\box58
\pgfnodepartsevenbox=\box59
\pgfnodepartsixbox=\box60
\pgfnodepartfivebox=\box61
)))
(/usr/share/texlive/texmf-dist/tex/generic/pgf/frontendlayer/tikz/libraries/tik
zlibrarypositioning.code.tex
File: tikzlibrarypositioning.code.tex 2008/10/06 v3.0.0 (rcs-revision 1.7)
)
(/usr/share/texlive/texmf-dist/tex/latex/base/inputenc.sty
Package: inputenc 2014/04/30 v1.2b Input encoding file
\inpenc@prehook=\toks36
\inpenc@posthook=\toks37

(/usr/share/texlive/texmf-dist/tex/latex/base/utf8.def
File: utf8.def 2014/09/29 v1.1m UTF-8 support for inputenc
Now handling font encoding OML ...
... no UTF-8 mapping file for font encoding OML
Now handling font encoding T1 ...
... processing UTF-8 mapping file for font encoding T1

(/usr/share/texlive/texmf-dist/tex/latex/base/t1enc.dfu
File: t1enc.dfu 2014/09/29 v1.1m UTF-8 support for inputenc
   defining Unicode char U+00A1 (decimal 161)
   defining Unicode char U+00A3 (decimal 163)
   defining Unicode char U+00AB (decimal 171)
   defining Unicode char U+00BB (decimal 187)
   defining Unicode char U+00BF (decimal 191)
   defining Unicode char U+00C0 (decimal 192)
   defining Unicode char U+00C1 (decimal 193)
   defining Unicode char U+00C2 (decimal 194)
   defining Unicode char U+00C3 (decimal 195)
   defining Unicode char U+00C4 (decimal 196)
   defining Unicode char U+00C5 (decimal 197)
   defining Unicode char U+00C6 (decimal 198)
   defining Unicode char U+00C7 (decimal 199)
   defining Unicode char U+00C8 (decimal 200)
   defining Unicode char U+00C9 (decimal 201)
   defining Unicode char U+00CA (decimal 202)
   defining Unicode char U+00CB (decimal 203)
   defining Unicode char U+00CC (decimal 204)
   defining Unicode char U+00CD (decimal 205)
   defining Unicode char U+00CE (decimal 206)
   defining Unicode char U+00CF (decimal 207)
   defining Unicode char U+00D0 (decimal 208)
   defining Unicode char U+00D1 (decimal 209)
   defining Unicode char U+00D2 (decimal 210)
   defining Unicode char U+00D3 (decimal 211)
   defining Unicode char U+00D4 (decimal 212)
   defining Unicode char U+00D5 (decimal 213)
   defining Unicode char U+00D6 (decimal 214)
   defining Unicode char U+00D8 (decimal 216)
   defining Unicode char U+00D9 (decimal 217)
   defining Unicode char U+00DA (decimal 218)
   defining Unicode char U+00DB (decimal 219)
   defining Unicode char U+00DC (decimal 220)
   defining Unicode char U+00DD (decimal 221)
   defining Unicode char U+00DE (decimal 222)
   defining Unicode char U+00DF (decimal 223)
   defining Unicode char U+00E0 (decimal 224)
   defining Unicode char U+00E1 (decimal 225)
   defining Unicode char U+00E2 (decimal 226)
   defining Unicode char U+00E3 (decimal 227)
   defining Unicode char U+00E4 (decimal 228)
   defining Unicode char U+00E5 (decimal 229)
   defining Unicode char U+00E6 (decimal 230)
   defining Unicode char U+00E7 (decimal 231)
   defining Unicode char U+00E8 (decimal 232)
   defining Unicode char U+00E9 (decimal 233)
   defining Unicode char U+00EA (decimal 234)
   defining Unicode char U+00EB (decimal 235)
   defining Unicode char U+00EC (decimal 236)
   defining Unicode char U+00ED (decimal 237)
   defining Unicode char U+00EE (decimal 238)
   defining Unicode char U+00EF (decimal 239)
   defining Unicode char U+00F0 (decimal 240)
   defining Unicode char U+00F1 (decimal 241)
   defining Unicode char U+00F2 (decimal 242)
   defining Unicode char U+00F3 (decimal 243)
   defining Unicode char U+00F4 (decimal 244)
   defining Unicode char U+00F5 (decimal 245)
   defining Unicode char U+00F6 (decimal 246)
   defining Unicode char U+00F8 (decimal 248)
   defining Unicode char U+00F9 (decimal 249)
   defining Unicode char U+00FA (decimal 250)
   defining Unicode char U+00FB (decimal 251)
   defining Unicode char U+00FC (decimal 252)
   defining Unicode char U+00FD (decimal 253)
   defining Unicode char U+00FE (decimal 254)
   defining Unicode char U+00FF (decimal 255)
   defining Unicode char U+0102 (decimal 258)
   defining Unicode char U+0103 (decimal 259)
   defining Unicode char U+0104 (decimal 260)
   defining Unicode char U+0105 (decimal 261)
   defining Unicode char U+0106 (decimal 262)
   defining Unicode char U+0107 (decimal 263)
   defining Unicode char U+010C (decimal 268)
   defining Unicode char U+010D (decimal 269)
   defining Unicode char U+010E (decimal 270)
   defining Unicode char U+010F (decimal 271)
   defining Unicode char U+0110 (decimal 272)
   defining Unicode char U+0111 (decimal 273)
   defining Unicode char U+0118 (decimal 280)
   defining Unicode char U+0119 (decimal 281)
   defining Unicode char U+011A (decimal 282)
   defining Unicode char U+011B (decimal 283)
   defining Unicode char U+011E (decimal 286)
   defining Unicode char U+011F (decimal 287)
   defining Unicode char U+0130 (decimal 304)
   defining Unicode char U+0131 (decimal 305)
   defining Unicode char U+0132 (decimal 306)
   defining Unicode char U+0133 (decimal 307)
   defining Unicode char U+0139 (decimal 313)
   defining Unicode char U+013A (decimal 314)
   defining Unicode char U+013D (decimal 317)
   defining Unicode char U+013E (decimal 318)
   defining Unicode char U+0141 (decimal 321)
   defining Unicode char U+0142 (decimal 322)
   defining Unicode char U+0143 (decimal 323)
   defining Unicode char U+0144 (decimal 324)
   defining Unicode char U+0147 (decimal 327)
   defining Unicode char U+0148 (decimal 328)
   defining Unicode char U+014A (decimal 330)
   defining Unicode char U+014B (decimal 331)
   defining Unicode char U+0150 (decimal 336)
   defining Unicode char U+0151 (decimal 337)
   defining Unicode char U+0152 (decimal 338)
   defining Unicode char U+0153 (decimal 339)
   defining Unicode char U+0154 (decimal 340)
   defining Unicode char U+0155 (decimal 341)
   defining Unicode char U+0158 (decimal 344)
   defining Unicode char U+0159 (decimal 345)
   defining Unicode char U+015A (decimal 346)
   defining Unicode char U+015B (decimal 347)
   defining Unicode char U+015E (decimal 350)
   defining Unicode char U+015F (decimal 351)
   defining Unicode char U+0160 (decimal 352)
   defining Unicode char U+0161 (decimal 353)
   defining Unicode char U+0162 (decimal 354)
   defining Unicode char U+0163 (decimal 355)
   defining Unicode char U+0164 (decimal 356)
   defining Unicode char U+0165 (decimal 357)
   defining Unicode char U+016E (decimal 366)
   defining Unicode char U+016F (decimal 367)
   defining Unicode char U+0170 (decimal 368)
   defining Unicode char U+0171 (decimal 369)
   defining Unicode char U+0178 (decimal 376)
   defining Unicode char U+0179 (decimal 377)
   defining Unicode char U+017A (decimal 378)
   defining Unicode char U+017B (decimal 379)
   defining Unicode char U+017C (decimal 380)
   defining Unicode char U+017D (decimal 381)
   defining Unicode char U+017E (decimal 382)
   defining Unicode char U+200C (decimal 8204)
   defining Unicode char U+2013 (decimal 8211)
   defining Unicode char U+2014 (decimal 8212)
   defining Unicode char U+2018 (decimal 8216)
   defining Unicode char U+2019 (decimal 8217)
   defining Unicode char U+201A (decimal 8218)
   defining Unicode char U+201C (decimal 8220)
   defining Unicode char U+201D (decimal 8221)
   defining Unicode char U+201E (decimal 8222)
   defining Unicode char U+2030 (decimal 8240)
   defining Unicode char U+2031 (decimal 8241)
   defining Unicode char U+2039 (decimal 8249)
   defining Unicode char U+203A (decimal 8250)
   defining Unicode char U+2423 (decimal 9251)
)
Now handling font encoding OT1 ...
... processing UTF-8 mapping file for font encoding OT1

(/usr/share/texlive/texmf-dist/tex/latex/base/ot1enc.dfu
File: ot1enc.dfu 2014/09/29 v1.1m UTF-8 support for inputenc
   defining Unicode char U+00A1 (decimal 161)
   defining Unicode char U+00A3 (decimal 163)
   defining Unicode char U+00B8 (decimal 184)
   defining Unicode char U+00BF (decimal 191)
   defining Unicode char U+00C5 (decimal 197)
   defining Unicode char U+00C6 (decimal 198)
   defining Unicode char U+00D8 (decimal 216)
   defining Unicode char U+00DF (decimal 223)
   defining Unicode char U+00E6 (decimal 230)
   defining Unicode char U+00EC (decimal 236)
   defining Unicode char U+00ED (decimal 237)
   defining Unicode char U+00EE (decimal 238)
   defining Unicode char U+00EF (decimal 239)
   defining Unicode char U+00F8 (decimal 248)
   defining Unicode char U+0131 (decimal 305)
   defining Unicode char U+0141 (decimal 321)
   defining Unicode char U+0142 (decimal 322)
   defining Unicode char U+0152 (decimal 338)
   defining Unicode char U+0153 (decimal 339)
   defining Unicode char U+2013 (decimal 8211)
   defining Unicode char U+2014 (decimal 8212)
   defining Unicode char U+2018 (decimal 8216)
   defining Unicode char U+2019 (decimal 8217)
   defining Unicode char U+201C (decimal 8220)
   defining Unicode char U+201D (decimal 8221)
)
Now handling font encoding OMS ...
... processing UTF-8 mapping file for font encoding OMS

(/usr/share/texlive/texmf-dist/tex/latex/base/omsenc.dfu
File: omsenc.dfu 2014/09/29 v1.1m UTF-8 support for inputenc
   defining Unicode char U+00A7 (decimal 167)
   defining Unicode char U+00B6 (decimal 182)
   defining Unicode char U+00B7 (decimal 183)
   defining Unicode char U+2020 (decimal 8224)
   defining Unicode char U+2021 (decimal 8225)
   defining Unicode char U+2022 (decimal 8226)
)
Now handling font encoding OMX ...
... no UTF-8 mapping file for font encoding OMX
Now handling font encoding U ...
... no UTF-8 mapping file for font encoding U
   defining Unicode char U+00A9 (decimal 169)
   defining Unicode char U+00AA (decimal 170)
   defining Unicode char U+00AE (decimal 174)
   defining Unicode char U+00BA (decimal 186)
   defining Unicode char U+02C6 (decimal 710)
   defining Unicode char U+02DC (decimal 732)
   defining Unicode char U+200C (decimal 8204)
   defining Unicode char U+2026 (decimal 8230)
   defining Unicode char U+2122 (decimal 8482)
   defining Unicode char U+2423 (decimal 9251)
))
(/usr/share/texlive/texmf-dist/tex/latex/rotating/rotating.sty
Package: rotating 2009/03/28 v2.16a rotated objects in LaTeX
\c@r@tfl@t=\count169
\rotFPtop=\skip196
\rotFPbot=\skip197
\rot@float@box=\box62
\rot@mess@toks=\toks38
)
(/usr/share/texlive/texmf-dist/tex/latex/tools/longtable.sty
Package: longtable 2014/10/28 v4.11 Multi-page Table package (DPC)
\LTleft=\skip198
\LTright=\skip199
\LTpre=\skip200
\LTpost=\skip201
\LTchunksize=\count170
\LTcapwidth=\dimen201
\LT@head=\box63
\LT@firsthead=\box64
\LT@foot=\box65
\LT@lastfoot=\box66
\LT@cols=\count171
\LT@rows=\count172
\c@LT@tables=\count173
\c@LT@chunks=\count174
\LT@p@ftn=\toks39
)
(/usr/share/texlive/texmf-dist/tex/latex/multirow/multirow.sty
\bigstrutjot=\dimen202
)
(/usr/share/texlive/texmf-dist/tex/generic/babel/babel.sty
Package: babel 2014/09/25 3.9l The Babel package

(/usr/share/texlive/texmf-dist/tex/generic/babel-english/english.ldf
Language: english 2012/08/20 v3.3p English support from the babel system

(/usr/share/texlive/texmf-dist/tex/generic/babel/babel.def
File: babel.def 2014/09/25 3.9l Babel common definitions
\babel@savecnt=\count175
\U@D=\dimen203
)
\l@canadian = a dialect from \language\l@american 
\l@australian = a dialect from \language\l@british 
\l@newzealand = a dialect from \language\l@british 
))

******************************************************
Stock height and width: 793.83188pt by 614.57951pt
Top and edge trims: 0pt and 0pt
Page height and width: 793.83188pt by 614.57951pt
Text height and width: 663.8003pt by 497pt
Spine and edge margins: 65.44133pt and 51.21495pt
Upper and lower margins: 65.44133pt and 64.59026pt
Headheight and headsep: 13.6pt and 19.91692pt
Footskip: 28.45274pt
Columnsep and columnseprule: 10pt and 0pt
Marginparsep and marginparwidth: 7pt and 37.21495pt
Sidecapsep and sidecapwidth: 7pt and 111pt
Sidebarhsep and sidebarwidth: 7pt and 111pt
Sidebarvsep and sidebartopsep: 13.6pt and 0pt
Sidebarheight: 539.9202pt
Sidefoothsep and sidefootwidth: 7pt and 111pt
Sidefootvsep and sidefootheight: 13.6pt and 539.9202pt
******************************************************

\pagenumwidth=\skip202
(./UserManual.aux)
\openout1 = `UserManual.aux'.

LaTeX Font Info:    Checking defaults for OML/cmm/m/it on input line 306.
LaTeX Font Info:    ... okay on input line 306.
LaTeX Font Info:    Checking defaults for T1/cmr/m/n on input line 306.
LaTeX Font Info:    ... okay on input line 306.
LaTeX Font Info:    Checking defaults for OT1/cmr/m/n on input line 306.
LaTeX Font Info:    ... okay on input line 306.
LaTeX Font Info:    Checking defaults for OMS/cmsy/m/n on input line 306.
LaTeX Font Info:    ... okay on input line 306.
LaTeX Font Info:    Checking defaults for OMX/cmex/m/n on input line 306.
LaTeX Font Info:    ... okay on input line 306.
LaTeX Font Info:    Checking defaults for U/cmr/m/n on input line 306.
LaTeX Font Info:    ... okay on input line 306.
LaTeX Font Info:    Try loading font information for OT1+lmr on input line 306.

 (/usr/share/texmf/tex/latex/lm/ot1lmr.fd
File: ot1lmr.fd 2009/10/30 v1.6 Font defs for Latin Modern
)
\AtBeginShipoutBox=\box67

(/usr/share/texlive/texmf-dist/tex/context/base/supp-pdf.mkii
[Loading MPS to PDF converter (version 2006.09.02).]
\scratchcounter=\count176
\scratchdimen=\dimen204
\scratchbox=\box68
\nofMPsegments=\count177
\nofMParguments=\count178
\everyMPshowfont=\toks40
\MPscratchCnt=\count179
\MPscratchDim=\dimen205
\MPnumerator=\count180
\makeMPintoPDFobject=\count181
\everyMPtoPDFconversion=\toks41
) (/usr/share/texlive/texmf-dist/tex/generic/oberdiek/pdftexcmds.sty
Package: pdftexcmds 2011/11/29 v0.20 Utility functions of pdfTeX for LuaTeX (HO
)
Package pdftexcmds Info: LuaTeX not detected.
Package pdftexcmds Info: \pdf@primitive is available.
Package pdftexcmds Info: \pdf@ifprimitive is available.
Package pdftexcmds Info: \pdfdraftmode found.
)
(/usr/share/texlive/texmf-dist/tex/latex/oberdiek/epstopdf-base.sty
Package: epstopdf-base 2010/02/09 v2.5 Base part for package epstopdf

(/usr/share/texlive/texmf-dist/tex/latex/oberdiek/grfext.sty
Package: grfext 2010/08/19 v1.1 Manage graphics extensions (HO)

(/usr/share/texlive/texmf-dist/tex/generic/oberdiek/kvdefinekeys.sty
Package: kvdefinekeys 2011/04/07 v1.3 Define keys (HO)
))
(/usr/share/texlive/texmf-dist/tex/latex/oberdiek/kvoptions.sty
Package: kvoptions 2011/06/30 v3.11 Key value format for package options (HO)

(/usr/share/texlive/texmf-dist/tex/generic/oberdiek/kvsetkeys.sty
Package: kvsetkeys 2012/04/25 v1.16 Key value parser (HO)

(/usr/share/texlive/texmf-dist/tex/generic/oberdiek/etexcmds.sty
Package: etexcmds 2011/02/16 v1.5 Avoid name clashes with e-TeX commands (HO)
Package etexcmds Info: Could not find \expanded.
(etexcmds)             That can mean that you are not using pdfTeX 1.50 or
(etexcmds)             that some package has redefined \expanded.
(etexcmds)             In the latter case, load this package earlier.
)))
Package grfext Info: Graphics extension search list:
(grfext)             [.png,.pdf,.jpg,.mps,.jpeg,.jbig2,.jb2,.PNG,.PDF,.JPG,.JPE
G,.JBIG2,.JB2,.eps]
(grfext)             \AppendGraphicsExtensions on input line 452.

(/usr/share/texlive/texmf-dist/tex/latex/latexconfig/epstopdf-sys.cfg
File: epstopdf-sys.cfg 2010/07/13 v1.3 Configuration of (r)epstopdf for TeX Liv
e
))
ABD: EveryShipout initializing macros
\c@lstlisting=\count182

<images/front-cover.png, id=4, 2711.12875pt x 1972.36874pt>
File: images/front-cover.png Graphic file (type png)

<use images/front-cover.png>
Package pdftex.def Info: images/front-cover.png used on input line 359.
(pdftex.def)             Requested size: 614.56956pt x 447.10446pt.
 [1


{/var/lib/texmf/fonts/map/pdftex/updmap/pdftex.map} <./images/front-cover.png

pdfTeX warning: pdflatex (file ./images/front-cover.png): large interlaced PNG 
might cause out of memory (use non-interlaced PNG to fix this)
>] [2

] (./UserManual.toc
LaTeX Font Info:    Try loading font information for OML+lmm on input line 3.
 (/usr/share/texmf/tex/latex/lm/omllmm.fd
File: omllmm.fd 2009/10/30 v1.6 Font defs for Latin Modern
)
LaTeX Font Info:    Try loading font information for OMS+lmsy on input line 3.

(/usr/share/texmf/tex/latex/lm/omslmsy.fd
File: omslmsy.fd 2009/10/30 v1.6 Font defs for Latin Modern
)
LaTeX Font Info:    Try loading font information for OMX+lmex on input line 3.

(/usr/share/texmf/tex/latex/lm/omxlmex.fd
File: omxlmex.fd 2009/10/30 v1.6 Font defs for Latin Modern
)
LaTeX Font Info:    External font `lmex10' loaded for size
(Font)              <10.95> on input line 3.
LaTeX Font Info:    External font `lmex10' loaded for size
(Font)              <8> on input line 3.
LaTeX Font Info:    External font `lmex10' loaded for size
(Font)              <6> on input line 3.
LaTeX Font Info:    Try loading font information for OT1+lmss on input line 38.


(/usr/share/texmf/tex/latex/lm/ot1lmss.fd
File: ot1lmss.fd 2009/10/30 v1.6 Font defs for Latin Modern
) [3])
LaTeX Font Info:    Font shape `OT1/lmss/m/it' in size <10.95> not available
(Font)              Font shape `OT1/lmss/m/sl' tried instead on input line 376.

LaTeX Font Info:    Font shape `OT1/lmss/m/it' in size <10> not available
(Font)              Font shape `OT1/lmss/m/sl' tried instead on input line 376.

 [4]
<images/chapter01-cover.jpg, id=26, 1204.5pt x 903.375pt>
File: images/chapter01-cover.jpg Graphic file (type jpg)

<use images/chapter01-cover.jpg>
Package pdftex.def Info: images/chapter01-cover.jpg used on input line 395.
(pdftex.def)             Requested size: 614.59933pt x 460.9495pt.
 [1


 <./images/chapter01-cover.jpg>] [2]
LaTeX Font Info:    Try loading font information for OMS+lmr on input line 446.


(/usr/share/texmf/tex/latex/lm/omslmr.fd
File: omslmr.fd 2009/10/30 v1.6 Font defs for Latin Modern
)
LaTeX Font Info:    Font shape `OMS/lmr/m/n' in size <10.95> not available
(Font)              Font shape `OMS/lmsy/m/n' tried instead on input line 446.
LaTeX Font Info:    External font `lmex10' loaded for size
(Font)              <9> on input line 462.
LaTeX Font Info:    External font `lmex10' loaded for size
(Font)              <5> on input line 462.
 [3] [4]
(/usr/share/texlive/texmf-dist/tex/latex/listings/lstlang1.sty
File: lstlang1.sty 2014/09/06 1.5e listings language file
)
(/usr/share/texlive/texmf-dist/tex/latex/listings/lstlang1.sty
File: lstlang1.sty 2014/09/06 1.5e listings language file
)
(/usr/share/texlive/texmf-dist/tex/latex/listings/lstmisc.sty
File: lstmisc.sty 2014/09/06 1.5e (Carsten Heinz)
)
LaTeX Font Info:    Try loading font information for OT1+lmtt on input line 508
.

(/usr/share/texmf/tex/latex/lm/ot1lmtt.fd
File: ot1lmtt.fd 2009/10/30 v1.6 Font defs for Latin Modern
) (./examples/chapter1-example1.cc
LaTeX Font Info:    Font shape `OT1/lmtt/bx/n' in size <9> not available
(Font)              Font shape `OT1/lmtt/b/n' tried instead on input line 1.
)
LaTeX Font Info:    Try loading font information for OML+lmr on input line 530.


(/usr/share/texmf/tex/latex/lm/omllmr.fd
File: omllmr.fd 2009/10/30 v1.6 Font defs for Latin Modern
)
LaTeX Font Info:    Font shape `OML/lmr/bx/n' in size <10.95> not available
(Font)              Font shape `OML/lmm/b/it' tried instead on input line 530.

<images/icon-info.png, id=45, 256.96pt x 256.96pt>
File: images/icon-info.png Graphic file (type png)
 <use images/icon-info.png>
Package pdftex.def Info: images/icon-info.png used on input line 537.
(pdftex.def)             Requested size: 28.44997pt x 28.44997pt.

[5] <images/icon-warning.png, id=54, 256.96pt x 256.96pt>
File: images/icon-warning.png Graphic file (type png)

<use images/icon-warning.png>
Package pdftex.def Info: images/icon-warning.png used on input line 542.
(pdftex.def)             Requested size: 28.44997pt x 28.44997pt.

<images/icon-error.png, id=55, 256.96pt x 256.96pt>
File: images/icon-error.png Graphic file (type png)

<use images/icon-error.png>
Package pdftex.def Info: images/icon-error.png used on input line 547.
(pdftex.def)             Requested size: 28.44997pt x 28.44997pt.
 [6 <./images/icon-info.png> <./images/icon-warning.png> <./images/icon-error.p
ng>]
<images/chapter02-cover.jpg, id=63, 1027.84pt x 770.88pt>
File: images/chapter02-cover.jpg Graphic file (type jpg)

<use images/chapter02-cover.jpg>
Package pdftex.def Info: images/chapter02-cover.jpg used on input line 581.
(pdftex.def)             Requested size: 614.59148pt x 460.94362pt.
 [7

 <./images/chapter02-cover.jpg>]
LaTeX Font Info:    Font shape `OT1/lmtt/bx/n' in size <10.95> not available
(Font)              Font shape `OT1/lmtt/b/n' tried instead on input line 593.
 [8]
File: images/icon-info.png Graphic file (type png)

<use images/icon-info.png>
Package pdftex.def Info: images/icon-info.png used on input line 667.
(pdftex.def)             Requested size: 28.44997pt x 28.44997pt.
File: images/icon-warning.png Graphic file (type png)
 <use images/icon-warning.png>
Package pdftex.def Info: images/icon-warning.png used on input line 693.
(pdftex.def)             Requested size: 28.44997pt x 28.44997pt.
 [9]
File: images/icon-warning.png Graphic file (type png)

<use images/icon-warning.png>
Package pdftex.def Info: images/icon-warning.png used on input line 717.
(pdftex.def)             Requested size: 28.44997pt x 28.44997pt.
File: images/icon-info.png Graphic file (type png)
 <use images/icon-info.png>
Package pdftex.def Info: images/icon-info.png used on input line 724.
(pdftex.def)             Requested size: 28.44997pt x 28.44997pt.
File: images/icon-info.png Graphic file (type png)

<use images/icon-info.png>
Package pdftex.def Info: images/icon-info.png used on input line 729.
(pdftex.def)             Requested size: 28.44997pt x 28.44997pt.
File: images/icon-error.png Graphic file (type png)
 <use images/icon-error.png>
Package pdftex.def Info: images/icon-error.png used on input line 740.
(pdftex.def)             Requested size: 28.44997pt x 28.44997pt.
 [10]
File: images/icon-warning.png Graphic file (type png)

<use images/icon-warning.png>
Package pdftex.def Info: images/icon-warning.png used on input line 758.
(pdftex.def)             Requested size: 28.44997pt x 28.44997pt.
File: images/icon-info.png Graphic file (type png)
 <use images/icon-info.png>
Package pdftex.def Info: images/icon-info.png used on input line 763.
(pdftex.def)             Requested size: 28.44997pt x 28.44997pt.
 [11]
(./examples/chapter2-example1.cc [12])
File: images/icon-info.png Graphic file (type png)
 <use images/icon-info.png>
Package pdftex.def Info: images/icon-info.png used on input line 865.
(pdftex.def)             Requested size: 28.44997pt x 28.44997pt.
 [13]
(./examples/chapter2-example2.cc)
File: images/icon-warning.png Graphic file (type png)
 <use images/icon-warning.png>
Package pdftex.def Info: images/icon-warning.png used on input line 894.
(pdftex.def)             Requested size: 28.44997pt x 28.44997pt.
File: images/icon-warning.png Graphic file (type png)

<use images/icon-warning.png>
Package pdftex.def Info: images/icon-warning.png used on input line 917.
(pdftex.def)             Requested size: 28.44997pt x 28.44997pt.
File: images/icon-info.png Graphic file (type png)
 <use images/icon-info.png>
Package pdftex.def Info: images/icon-info.png used on input line 924.
(pdftex.def)             Requested size: 28.44997pt x 28.44997pt.
 [14]
(./examples/chapter2-example3.cc) [15] (./examples/chapter2-example4.cc
[16])
File: images/icon-info.png Graphic file (type png)
 <use images/icon-info.png>
Package pdftex.def Info: images/icon-info.png used on input line 1009.
(pdftex.def)             Requested size: 28.44997pt x 28.44997pt.
 [17]
File: images/icon-info.png Graphic file (type png)
 <use images/icon-info.png>
Package pdftex.def Info: images/icon-info.png used on input line 1071.
(pdftex.def)             Requested size: 28.44997pt x 28.44997pt.

(./examples/chapter2-example5.cc [18])
File: images/icon-info.png Graphic file (type png)
 <use images/icon-info.png>
Package pdftex.def Info: images/icon-info.png used on input line 1082.
(pdftex.def)             Requested size: 28.44997pt x 28.44997pt.
 [19]
File: images/icon-error.png Graphic file (type png)

<use images/icon-error.png>
Package pdftex.def Info: images/icon-error.png used on input line 1122.
(pdftex.def)             Requested size: 28.44997pt x 28.44997pt.
File: images/icon-info.png Graphic file (type png)
 <use images/icon-info.png>
Package pdftex.def Info: images/icon-info.png used on input line 1127.
(pdftex.def)             Requested size: 28.44997pt x 28.44997pt.
 [20]
(./examples/chapter2-example6.cc)
File: images/icon-info.png Graphic file (type png)
 <use images/icon-info.png>
Package pdftex.def Info: images/icon-info.png used on input line 1152.
(pdftex.def)             Requested size: 28.44997pt x 28.44997pt.
 [21]
File: images/icon-error.png Graphic file (type png)

<use images/icon-error.png>
Package pdftex.def Info: images/icon-error.png used on input line 1206.
(pdftex.def)             Requested size: 28.44997pt x 28.44997pt.
File: images/icon-warning.png Graphic file (type png)
 <use images/icon-warning.png>
Package pdftex.def Info: images/icon-warning.png used on input line 1215.
(pdftex.def)             Requested size: 28.44997pt x 28.44997pt.
 [22]
File: images/icon-warning.png Graphic file (type png)

<use images/icon-warning.png>
Package pdftex.def Info: images/icon-warning.png used on input line 1247.
(pdftex.def)             Requested size: 28.44997pt x 28.44997pt.
File: images/icon-warning.png Graphic file (type png)
 <use images/icon-warning.png>
Package pdftex.def Info: images/icon-warning.png used on input line 1252.
(pdftex.def)             Requested size: 28.44997pt x 28.44997pt.
 [23]
(./examples/chapter2-example7.cc [24])
File: images/icon-info.png Graphic file (type png)
 <use images/icon-info.png>
Package pdftex.def Info: images/icon-info.png used on input line 1295.
(pdftex.def)             Requested size: 28.44997pt x 28.44997pt.
File: images/icon-error.png Graphic file (type png)

<use images/icon-error.png>
Package pdftex.def Info: images/icon-error.png used on input line 1300.
(pdftex.def)             Requested size: 28.44997pt x 28.44997pt.
 [25]
File: images/icon-info.png Graphic file (type png)
 <use images/icon-info.png>
Package pdftex.def Info: images/icon-info.png used on input line 1317.
(pdftex.def)             Requested size: 28.44997pt x 28.44997pt.
File: images/icon-warning.png Graphic file (type png)

<use images/icon-warning.png>
Package pdftex.def Info: images/icon-warning.png used on input line 1328.
(pdftex.def)             Requested size: 28.44997pt x 28.44997pt.
 (./examples/chapter2-example8.cc [26] [27])
File: images/icon-warning.png Graphic file (type png)

<use images/icon-warning.png>
Package pdftex.def Info: images/icon-warning.png used on input line 1349.
(pdftex.def)             Requested size: 28.44997pt x 28.44997pt.
 (./examples/chapter2-example9.cc [28] [29])
(./examples/chapter2-example10.cc [30] [31]) [32] [33]
(./examples/chapter2-example11.cc [34]) [35]
File: images/icon-warning.png Graphic file (type png)
 <use images/icon-warning.png>
Package pdftex.def Info: images/icon-warning.png used on input line 1525.
(pdftex.def)             Requested size: 28.44997pt x 28.44997pt.
File: images/icon-error.png Graphic file (type png)

<use images/icon-error.png>
Package pdftex.def Info: images/icon-error.png used on input line 1530.
(pdftex.def)             Requested size: 28.44997pt x 28.44997pt.
 [36]
<images/chapter03-cover.jpg, id=160, 1027.84pt x 770.88pt>
File: images/chapter03-cover.jpg Graphic file (type jpg)

<use images/chapter03-cover.jpg>
Package pdftex.def Info: images/chapter03-cover.jpg used on input line 1542.
(pdftex.def)             Requested size: 614.59148pt x 460.94362pt.
 [37

 <./images/chapter03-cover.jpg>]
<images/chapter03-image01.png, id=164, 1015.795pt x 1150.2975pt>
File: images/chapter03-image01.png Graphic file (type png)

<use images/chapter03-image01.png>
Package pdftex.def Info: images/chapter03-image01.png used on input line 1554.
(pdftex.def)             Requested size: 203.1554pt x 230.05542pt.

<images/chapter03-image02.png, id=166, 856.19875pt x 861.2175pt>
File: images/chapter03-image02.png Graphic file (type png)

<use images/chapter03-image02.png>
Package pdftex.def Info: images/chapter03-image02.png used on input line 1565.
(pdftex.def)             Requested size: 171.23671pt x 172.24045pt.
 [38 <./images/chapter03-image01.png>]
[39 <./images/chapter03-image02.png>]
<images/chapter03-image03.png, id=179, 2660.94125pt x 3215.01125pt>
File: images/chapter03-image03.png Graphic file (type png)

<use images/chapter03-image03.png>
Package pdftex.def Info: images/chapter03-image03.png used on input line 1609.
(pdftex.def)             Requested size: 266.10971pt x 321.51996pt.

<images/chapter03-image04.png, id=181, 902.37125pt x 1128.215pt>
File: images/chapter03-image04.png Graphic file (type png)

<use images/chapter03-image04.png>
Package pdftex.def Info: images/chapter03-image04.png used on input line 1618.
(pdftex.def)             Requested size: 135.34984pt x 169.22495pt.

<images/chapter03-image05.png, id=183, 1344.02126pt x 660.4675pt>
File: images/chapter03-image05.png Graphic file (type png)

<use images/chapter03-image05.png>
Package pdftex.def Info: images/chapter03-image05.png used on input line 1634.
(pdftex.def)             Requested size: 268.79948pt x 132.09116pt.
 [40] [41 <./images/chapter03-image03.png> <./images/chapter03-image04.png>]
<images/chapter03-image06.png, id=193, 427.5975pt x 584.1825pt>
File: images/chapter03-image06.png Graphic file (type png)

<use images/chapter03-image06.png>
Package pdftex.def Info: images/chapter03-image06.png used on input line 1650.
(pdftex.def)             Requested size: 85.51797pt x 116.83443pt.
 [42 <./images/chapter03-image05.png> <./images/chapter03-image06.png>]
File: images/icon-warning.png Graphic file (type png)
 <use images/icon-warning.png>
Package pdftex.def Info: images/icon-warning.png used on input line 1666.
(pdftex.def)             Requested size: 28.44997pt x 28.44997pt.
File: images/icon-warning.png Graphic file (type png)

<use images/icon-warning.png>
Package pdftex.def Info: images/icon-warning.png used on input line 1675.
(pdftex.def)             Requested size: 28.44997pt x 28.44997pt.
File: images/icon-info.png Graphic file (type png)
 <use images/icon-info.png>
Package pdftex.def Info: images/icon-info.png used on input line 1680.
(pdftex.def)             Requested size: 28.44997pt x 28.44997pt.
File: images/icon-warning.png Graphic file (type png)

<use images/icon-warning.png>
Package pdftex.def Info: images/icon-warning.png used on input line 1687.
(pdftex.def)             Requested size: 28.44997pt x 28.44997pt.
 [43]
File: images/icon-info.png Graphic file (type png)
 <use images/icon-info.png>
Package pdftex.def Info: images/icon-info.png used on input line 1700.
(pdftex.def)             Requested size: 28.44997pt x 28.44997pt.
 [44] [45]
File: images/icon-info.png Graphic file (type png)

<use images/icon-info.png>
Package pdftex.def Info: images/icon-info.png used on input line 1784.
(pdftex.def)             Requested size: 28.44997pt x 28.44997pt.
 [46]
<images/chapter03-image07.png, id=214, 1631.09375pt x 909.3975pt>
File: images/chapter03-image07.png Graphic file (type png)

<use images/chapter03-image07.png>
Package pdftex.def Info: images/chapter03-image07.png used on input line 1800.
(pdftex.def)             Requested size: 326.21297pt x 181.87628pt.
 [47 <./images/chapter03-image07.png>]
<images/chapter03-image08.png, id=220, 779.16093pt x 243.15843pt>
File: images/chapter03-image08.png Graphic file (type png)

<use images/chapter03-image08.png>
Package pdftex.def Info: images/chapter03-image08.png used on input line 1821.
(pdftex.def)             Requested size: 389.57951pt x 121.57892pt.
 [48 <./images/chapter03-image08.png>]
[49]
File: images/icon-info.png Graphic file (type png)
 <use images/icon-info.png>
Package pdftex.def Info: images/icon-info.png used on input line 1939.
(pdftex.def)             Requested size: 28.44997pt x 28.44997pt.
 [50] (./examples/chapter3-example3.cc [51])
[52] (./examples/chapter3-example4.cc) [53] [54]
<images/chapter03-image09.png, id=245, 748.20706pt x 182.09206pt>
File: images/chapter03-image09.png Graphic file (type png)

<use images/chapter03-image09.png>
Package pdftex.def Info: images/chapter03-image09.png used on input line 2070.
(pdftex.def)             Requested size: 299.27751pt x 72.83553pt.

Underfull \hbox (badness 10000) in paragraph at lines 2101--2102
[]|\OT1/lmr/m/n/9 Assigns the value -1 to all the po-si-tions of
 []

[55 <./images/chapter03-image09.png (PNG copy)>]
<images/chapter03-image10.png, id=251, 588.0794pt x 245.85971pt>
File: images/chapter03-image10.png Graphic file (type png)

<use images/chapter03-image10.png>
Package pdftex.def Info: images/chapter03-image10.png used on input line 2127.
(pdftex.def)             Requested size: 235.22758pt x 98.34213pt.
 [56 <./images/chapter03-image10.png (PNG copy)>] <images/chapter03-image11.png
, id=257, 634.13382pt x 227.43794pt>
File: images/chapter03-image11.png Graphic file (type png)

<use images/chapter03-image11.png>
Package pdftex.def Info: images/chapter03-image11.png used on input line 2192.
(pdftex.def)             Requested size: 253.64903pt x 90.97356pt.

Underfull \hbox (badness 10000) in paragraph at lines 2214--2214

 []

LaTeX Font Info:    Font shape `OMS/lmr/m/n' in size <9> not available
(Font)              Font shape `OMS/lmsy/m/n' tried instead on input line 2214.


LaTeX Warning: `h' float specifier changed to `ht'.

[57 <./images/chapter03-image11.png (PNG copy)>] [58]
<images/chapter03-image12.png, id=268, 537.06529pt x 294.0397pt>
File: images/chapter03-image12.png Graphic file (type png)

<use images/chapter03-image12.png>
Package pdftex.def Info: images/chapter03-image12.png used on input line 2282.
(pdftex.def)             Requested size: 214.82231pt x 117.61378pt.


LaTeX Warning: `h' float specifier changed to `ht'.

[59

 <./images/chapter03-image12.png (PNG copy)>] [60]
<images/chapter03-image13.png, id=277, 636.25941pt x 294.74823pt>
File: images/chapter03-image13.png Graphic file (type png)

<use images/chapter03-image13.png>
Package pdftex.def Info: images/chapter03-image13.png used on input line 2363.
(pdftex.def)             Requested size: 254.49925pt x 117.89719pt.

Underfull \hbox (badness 10000) in paragraph at lines 2394--2394
[]|\OT1/lmtt/b/n/9 explicit Size (const unsigned long int&, const unsigned long

 []


Underfull \hbox (badness 1043) in paragraph at lines 2422--2423
[]|\OT1/lmr/m/n/9 Overloaded op-er-a-tor in-tended to
 []


LaTeX Warning: `h' float specifier changed to `ht'.

[61

 <./images/chapter03-image13.png (PNG copy)>] [62]
<images/chapter03-image14.png, id=286, 743.24736pt x 306.0847pt>
File: images/chapter03-image14.png Graphic file (type png)

<use images/chapter03-image14.png>
Package pdftex.def Info: images/chapter03-image14.png used on input line 2444.
(pdftex.def)             Requested size: 371.62277pt x 153.04198pt.

Underfull \hbox (badness 10000) in paragraph at lines 2454--2454
[]|\OT1/lmtt/b/n/9 unsigned long int
 []


Underfull \hbox (badness 10000) in paragraph at lines 2458--2458
[]|\OT1/lmtt/b/n/9 unsigned long int
 []


Underfull \hbox (badness 10000) in paragraph at lines 2475--2475
[]|\OT1/lmtt/b/n/9 explicit Fraction (const unsigned long int&,
 []


Underfull \hbox (badness 10000) in paragraph at lines 2483--2483
[]|\OT1/lmtt/b/n/9 void set (const unsigned long int&, const
 []


Underfull \hbox (badness 10000) in paragraph at lines 2503--2503
[]|\OT1/lmtt/b/n/9 friend istream& (::operator>>) (istream&,
 []


Underfull \hbox (badness 10000) in paragraph at lines 2507--2507
[]|\OT1/lmtt/b/n/9 friend ostream& (::operator<<) (ostream&, const
 []


LaTeX Warning: `h' float specifier changed to `ht'.

[63

 <./images/chapter03-image14.png (PNG copy)>] [64]
<images/chapter03-image15.png, id=296, 1576.89125pt x 808.01875pt>
File: images/chapter03-image15.png Graphic file (type png)

<use images/chapter03-image15.png>
Package pdftex.def Info: images/chapter03-image15.png used on input line 2525.
(pdftex.def)             Requested size: 315.37267pt x 161.60088pt.

Underfull \hbox (badness 10000) in paragraph at lines 2543--2543

 []


Underfull \hbox (badness 10000) in paragraph at lines 2609--2609
[]|\OT1/lmtt/b/n/9 friend ostream& (::operator<<) (ostream&, const
 []


LaTeX Warning: `h' float specifier changed to `ht'.

[65

 <./images/chapter03-image15.png (PNG copy)>] [66]
<images/chapter03-image16.png, id=305, 1407.2575pt x 693.59125pt>
File: images/chapter03-image16.png Graphic file (type png)

<use images/chapter03-image16.png>
Package pdftex.def Info: images/chapter03-image16.png used on input line 2627.
(pdftex.def)             Requested size: 281.44652pt x 138.71579pt.

Underfull \hbox (badness 10000) in paragraph at lines 2659--2659

 []


LaTeX Warning: `h' float specifier changed to `ht'.


LaTeX Warning: `h' float specifier changed to `ht'.

[67

 <./images/chapter03-image16.png (PNG copy)>] [68]
<images/chapter03-image17.png, id=314, 761.84625pt x 319.1925pt>
File: images/chapter03-image17.png Graphic file (type png)

<use images/chapter03-image17.png>
Package pdftex.def Info: images/chapter03-image17.png used on input line 2735.
(pdftex.def)             Requested size: 152.36655pt x 63.83736pt.
 [69

 <./images/chapter03-image17.png (PNG copy)>] <images/chapter03-image18.png, id
=321, 1417.295pt x 513.92pt>
File: images/chapter03-image18.png Graphic file (type png)

<use images/chapter03-image18.png>
Package pdftex.def Info: images/chapter03-image18.png used on input line 2768.
(pdftex.def)             Requested size: 283.45398pt x 102.78217pt.
 [70

 <./images/chapter03-image18.png (PNG copy)>] <images/chapter03-image19.png, id
=327, 1387.1825pt x 519.9425pt>
File: images/chapter03-image19.png Graphic file (type png)

<use images/chapter03-image19.png>
Package pdftex.def Info: images/chapter03-image19.png used on input line 2821.
(pdftex.def)             Requested size: 277.43158pt x 103.98665pt.

Underfull \hbox (badness 10000) in paragraph at lines 2851--2851
[]|\OT1/lmtt/b/n/9 friend istream& (::operator>>) (istream&,
 []


Underfull \hbox (badness 10000) in paragraph at lines 2855--2855
[]|\OT1/lmtt/b/n/9 friend ostream& (::operator<<) (ostream&,
 []


Underfull \hbox (badness 10000) in paragraph at lines 2859--2859
[]|\OT1/lmtt/b/n/9 friend istream& (::operator>>) (istream&,
 []


Underfull \hbox (badness 10000) in paragraph at lines 2863--2863
[]|\OT1/lmtt/b/n/9 friend ostream& (::operator<<) (ostream&,
 []

[71

 <./images/chapter03-image19.png (PNG copy)>]
<images/chapter03-image20.png, id=333, 1405.25pt x 697.60625pt>
File: images/chapter03-image20.png Graphic file (type png)

<use images/chapter03-image20.png>
Package pdftex.def Info: images/chapter03-image20.png used on input line 2882.
(pdftex.def)             Requested size: 281.04501pt x 139.51877pt.

Underfull \hbox (badness 7759) in paragraph at lines 2909--2910
[]|\OT1/lmr/m/n/9 Explicit spe-cial-ized con-struc-tor. Ini-tial-izes the
 []


Underfull \hbox (badness 10000) in paragraph at lines 2933--2933
[]|\OT1/lmtt/b/n/9 friend istream& (::operator>>) (istream&,
 []


Underfull \hbox (badness 10000) in paragraph at lines 2937--2937
[]|\OT1/lmtt/b/n/9 friend ostream& (::operator<<) (ostream&,
 []


Underfull \hbox (badness 10000) in paragraph at lines 2941--2941
[]|\OT1/lmtt/b/n/9 friend istream& (::operator>>) (istream&,
 []


Underfull \hbox (badness 10000) in paragraph at lines 2945--2945
[]|\OT1/lmtt/b/n/9 friend ostream& (::operator<<) (ostream&,
 []


LaTeX Warning: `h' float specifier changed to `ht'.

[72

 <./images/chapter03-image20.png (PNG copy)>] [73]
<images/chapter03-image21.png, id=342, 1341.01pt x 501.875pt>
File: images/chapter03-image21.png Graphic file (type png)

<use images/chapter03-image21.png>
Package pdftex.def Info: images/chapter03-image21.png used on input line 2963.
(pdftex.def)             Requested size: 268.19725pt x 100.37321pt.
 [74

 <./images/chapter03-image21.png (PNG copy)>] <images/chapter03-image22.png, id
=348, 1423.3175pt x 901.3675pt>
File: images/chapter03-image22.png Graphic file (type png)

<use images/chapter03-image22.png>
Package pdftex.def Info: images/chapter03-image22.png used on input line 3016.
(pdftex.def)             Requested size: 284.65846pt x 180.2703pt.

Underfull \hbox (badness 10000) in paragraph at lines 3079--3079
[]|\OT1/lmtt/b/n/9 friend istream& (::operator>>) (istream&,
 []


Underfull \hbox (badness 10000) in paragraph at lines 3083--3083
[]|\OT1/lmtt/b/n/9 friend ostream& (::operator<<) (ostream&,
 []


Underfull \hbox (badness 10000) in paragraph at lines 3087--3087
[]|\OT1/lmtt/b/n/9 friend istream& (::operator>>) (istream&,
 []


Underfull \hbox (badness 10000) in paragraph at lines 3091--3091
[]|\OT1/lmtt/b/n/9 friend ostream& (::operator<<) (ostream&,
 []


LaTeX Warning: `h' float specifier changed to `ht'.

[75

 <./images/chapter03-image22.png (PNG copy)>] [76]
<images/chapter03-image23.png, id=358, 1417.295pt x 704.6325pt>
File: images/chapter03-image23.png Graphic file (type png)

<use images/chapter03-image23.png>
Package pdftex.def Info: images/chapter03-image23.png used on input line 3109.
(pdftex.def)             Requested size: 283.45398pt x 140.924pt.

Underfull \hbox (badness 10000) in paragraph at lines 3160--3160
[]|\OT1/lmtt/b/n/9 friend istream& (::operator>>) (istream&,
 []


Underfull \hbox (badness 10000) in paragraph at lines 3164--3164
[]|\OT1/lmtt/b/n/9 friend ostream& (::operator<<) (ostream&,
 []


Underfull \hbox (badness 10000) in paragraph at lines 3168--3168
[]|\OT1/lmtt/b/n/9 friend istream& (::operator>>) (istream&,
 []


Underfull \hbox (badness 10000) in paragraph at lines 3172--3172
[]|\OT1/lmtt/b/n/9 friend ostream& (::operator<<) (ostream&,
 []


LaTeX Warning: `h' float specifier changed to `ht'.

[77

 <./images/chapter03-image23.png (PNG copy)>] [78]
<images/chapter03-image24.png, id=367, 1034.86626pt x 499.8675pt>
File: images/chapter03-image24.png Graphic file (type png)

<use images/chapter03-image24.png>
Package pdftex.def Info: images/chapter03-image24.png used on input line 3190.
(pdftex.def)             Requested size: 206.96957pt x 99.97173pt.
 [79

 <./images/chapter03-image24.png (PNG copy)>] <images/chapter03-image25.png, id
=373, 1513.655pt x 710.655pt>
File: images/chapter03-image25.png Graphic file (type png)

<use images/chapter03-image25.png>
Package pdftex.def Info: images/chapter03-image25.png used on input line 3243.
(pdftex.def)             Requested size: 302.72563pt x 142.12848pt.

Underfull \hbox (badness 10000) in paragraph at lines 3270--3270
[]|\OT1/lmtt/b/n/9 explicit DefinitionStartCommand (const
 []


Underfull \hbox (badness 10000) in paragraph at lines 3294--3294
[]|\OT1/lmtt/b/n/9 friend istream& (::operator>>) (istream&,
 []


Underfull \hbox (badness 10000) in paragraph at lines 3298--3298
[]|\OT1/lmtt/b/n/9 friend ostream& (::operator<<) (ostream&,
 []


Underfull \hbox (badness 10000) in paragraph at lines 3302--3302
[]|\OT1/lmtt/b/n/9 friend istream& (::operator>>) (istream&,
 []


Underfull \hbox (badness 10000) in paragraph at lines 3306--3306
[]|\OT1/lmtt/b/n/9 friend ostream& (::operator<<) (ostream&,
 []


LaTeX Warning: `h' float specifier changed to `ht'.

[80

 <./images/chapter03-image25.png (PNG copy)>] [81]
<images/chapter03-image26.png, id=383, 1529.715pt x 517.935pt>
File: images/chapter03-image26.png Graphic file (type png)

<use images/chapter03-image26.png>
Package pdftex.def Info: images/chapter03-image26.png used on input line 3324.
(pdftex.def)             Requested size: 305.93758pt x 103.58516pt.

Underfull \hbox (badness 10000) in paragraph at lines 3338--3338
[]|\OT1/lmtt/b/n/9 explicit DefinitionDeleteCommand (const
 []


Underfull \hbox (badness 10000) in paragraph at lines 3354--3354
[]|\OT1/lmtt/b/n/9 friend istream& (::operator>>) (istream&,
 []


Underfull \hbox (badness 10000) in paragraph at lines 3358--3358
[]|\OT1/lmtt/b/n/9 friend ostream& (::operator<<) (ostream&,
 []


Underfull \hbox (badness 10000) in paragraph at lines 3362--3362
[]|\OT1/lmtt/b/n/9 friend istream& (::operator>>) (istream&,
 []


Underfull \hbox (badness 10000) in paragraph at lines 3366--3366
[]|\OT1/lmtt/b/n/9 friend ostream& (::operator<<) (ostream&,
 []

[82

 <./images/chapter03-image26.png (PNG copy)>]
<images/chapter03-image27.png, id=389, 2249.40375pt x 701.62125pt>
File: images/chapter03-image27.png Graphic file (type png)

<use images/chapter03-image27.png>
Package pdftex.def Info: images/chapter03-image27.png used on input line 3384.
(pdftex.def)             Requested size: 449.87279pt x 140.32176pt.

Underfull \hbox (badness 10000) in paragraph at lines 3394--3394
[]|\OT1/lmtt/b/n/9 vector<Transformation>
 []


Underfull \hbox (badness 10000) in paragraph at lines 3419--3419
[]|\OT1/lmtt/b/n/9 void setTransformations (const
 []


Underfull \hbox (badness 10000) in paragraph at lines 3439--3439
[]|\OT1/lmtt/b/n/9 friend istream& (::operator>>) (istream&,
 []


Underfull \hbox (badness 10000) in paragraph at lines 3443--3443
[]|\OT1/lmtt/b/n/9 friend ostream& (::operator<<) (ostream&,
 []


Underfull \hbox (badness 10000) in paragraph at lines 3447--3447
[]|\OT1/lmtt/b/n/9 friend istream& (::operator>>) (istream&,
 []


Underfull \hbox (badness 10000) in paragraph at lines 3451--3451
[]|\OT1/lmtt/b/n/9 friend ostream& (::operator<<) (ostream&,
 []


LaTeX Warning: `h' float specifier changed to `ht'.

[83

 <./images/chapter03-image27.png (PNG copy)>] [84]
<images/chapter03-image28.png, id=399, 1444.39626pt x 526.96875pt>
File: images/chapter03-image28.png Graphic file (type png)

<use images/chapter03-image28.png>
Package pdftex.def Info: images/chapter03-image28.png used on input line 3469.
(pdftex.def)             Requested size: 288.87413pt x 105.39188pt.

Underfull \hbox (badness 10000) in paragraph at lines 3499--3499
[]|\OT1/lmtt/b/n/9 friend istream& (::operator>>) (istream&,
 []


Underfull \hbox (badness 10000) in paragraph at lines 3503--3503
[]|\OT1/lmtt/b/n/9 friend ostream& (::operator<<) (ostream&,
 []


Underfull \hbox (badness 10000) in paragraph at lines 3507--3507
[]|\OT1/lmtt/b/n/9 friend istream& (::operator>>) (istream&,
 []


Underfull \hbox (badness 10000) in paragraph at lines 3511--3511
[]|\OT1/lmtt/b/n/9 friend ostream& (::operator<<) (ostream&,
 []


LaTeX Warning: `h' float specifier changed to `ht'.

[85

 <./images/chapter03-image28.png (PNG copy)>] [86]
<images/chapter03-image29.png, id=408, 1425.325pt x 467.7475pt>
File: images/chapter03-image29.png Graphic file (type png)

<use images/chapter03-image29.png>
Package pdftex.def Info: images/chapter03-image29.png used on input line 3529.
(pdftex.def)             Requested size: 285.05995pt x 93.54784pt.

Underfull \hbox (badness 10000) in paragraph at lines 3559--3559
[]|\OT1/lmtt/b/n/9 friend istream& (::operator>>) (istream&,
 []


Underfull \hbox (badness 10000) in paragraph at lines 3563--3563
[]|\OT1/lmtt/b/n/9 friend ostream& (::operator<<) (ostream&,
 []


Underfull \hbox (badness 10000) in paragraph at lines 3567--3567
[]|\OT1/lmtt/b/n/9 friend istream& (::operator>>) (istream&,
 []


Underfull \hbox (badness 10000) in paragraph at lines 3571--3571
[]|\OT1/lmtt/b/n/9 friend ostream& (::operator<<) (ostream&,
 []

[87

 <./images/chapter03-image29.png (PNG copy)>]
<images/chapter03-image30.png, id=415, 1340.00626pt x 526.96875pt>
File: images/chapter03-image30.png Graphic file (type png)

<use images/chapter03-image30.png>
Package pdftex.def Info: images/chapter03-image30.png used on input line 3589.
(pdftex.def)             Requested size: 267.9965pt x 105.39188pt.
 [88

 <./images/chapter03-image30.png (PNG copy)>] <images/chapter03-image31.png, id
=421, 1465.475pt x 550.055pt>
File: images/chapter03-image31.png Graphic file (type png)

<use images/chapter03-image31.png>
Package pdftex.def Info: images/chapter03-image31.png used on input line 3642.
(pdftex.def)             Requested size: 293.08981pt x 110.00905pt.

Underfull \hbox (badness 2205) in paragraph at lines 3652--3653
[]|\OT1/lmr/m/n/9 Explicit de-fault con-struc-tor. Ini-tial-izes the
 []


Underfull \hbox (badness 10000) in paragraph at lines 3672--3672
[]|\OT1/lmtt/b/n/9 friend istream& (::operator>>) (istream&,
 []


Underfull \hbox (badness 10000) in paragraph at lines 3676--3676
[]|\OT1/lmtt/b/n/9 friend ostream& (::operator<<) (ostream&,
 []


Underfull \hbox (badness 10000) in paragraph at lines 3680--3680
[]|\OT1/lmtt/b/n/9 friend istream& (::operator>>) (istream&,
 []


Underfull \hbox (badness 10000) in paragraph at lines 3684--3684
[]|\OT1/lmtt/b/n/9 friend ostream& (::operator<<) (ostream&,
 []


LaTeX Warning: `h' float specifier changed to `ht'.

[89

 <./images/chapter03-image31.png (PNG copy)>] [90]
<images/chapter03-image32.png, id=430, 1421.31pt x 536.0025pt>
File: images/chapter03-image32.png Graphic file (type png)

<use images/chapter03-image32.png>
Package pdftex.def Info: images/chapter03-image32.png used on input line 3702.
(pdftex.def)             Requested size: 284.25696pt x 107.1986pt.

Underfull \hbox (badness 10000) in paragraph at lines 3732--3732
[]|\OT1/lmtt/b/n/9 friend istream& (::operator>>) (istream&,
 []


Underfull \hbox (badness 10000) in paragraph at lines 3736--3736
[]|\OT1/lmtt/b/n/9 friend ostream& (::operator<<) (ostream&,
 []


Underfull \hbox (badness 10000) in paragraph at lines 3740--3740
[]|\OT1/lmtt/b/n/9 friend istream& (::operator>>) (istream&,
 []


Underfull \hbox (badness 10000) in paragraph at lines 3744--3744
[]|\OT1/lmtt/b/n/9 friend ostream& (::operator<<) (ostream&,
 []


LaTeX Warning: `h' float specifier changed to `ht'.

[91

 <./images/chapter03-image32.png (PNG copy)>] [92]
<images/chapter03-image33.png, id=439, 1112.155pt x 375.4025pt>
File: images/chapter03-image33.png Graphic file (type png)

<use images/chapter03-image33.png>
Package pdftex.def Info: images/chapter03-image33.png used on input line 3762.
(pdftex.def)             Requested size: 222.42706pt x 75.07916pt.

Underfull \hbox (badness 10000) in paragraph at lines 3813--3813
[]|\OT1/lmtt/b/n/9 friend istream& (::operator>>) (istream&,
 []


Underfull \hbox (badness 10000) in paragraph at lines 3817--3817
[]|\OT1/lmtt/b/n/9 friend ostream& (::operator<<) (ostream&,
 []


Underfull \hbox (badness 10000) in paragraph at lines 3821--3821
[]|\OT1/lmtt/b/n/9 friend istream& (::operator>>) (istream&,
 []


Underfull \hbox (badness 10000) in paragraph at lines 3825--3825
[]|\OT1/lmtt/b/n/9 friend ostream& (::operator<<) (ostream&,
 []


LaTeX Warning: `h' float specifier changed to `ht'.

[93

 <./images/chapter03-image33.png (PNG copy)>] [94]
<images/chapter03-image34.png, id=449, 2117.9125pt x 1726.45pt>
File: images/chapter03-image34.png Graphic file (type png)

<use images/chapter03-image34.png>
Package pdftex.def Info: images/chapter03-image34.png used on input line 3849.
(pdftex.def)             Requested size: 381.20781pt x 310.74759pt.

Underfull \hbox (badness 10000) in paragraph at lines 3866--3866

 []


Underfull \hbox (badness 10000) in paragraph at lines 3875--3875

 []


Underfull \hbox (badness 4832) in paragraph at lines 3944--3945
\OT1/lmr/m/n/9 file[]raw[]commands and stored there
 []


Underfull \hbox (badness 10000) in paragraph at lines 3960--3961
[]|\OT1/lmr/m/n/9 Assigns an empty vec-tor to
 []


Underfull \hbox (badness 10000) in paragraph at lines 3960--3961
\OT1/lmr/bx/n/9 file[]commands\OT1/lmr/m/n/9 . Doesn't delete
 []


Underfull \hbox (badness 10000) in paragraph at lines 3968--3969
[]|\OT1/lmr/m/n/9 Returns the con-tents of
 []


Underfull \hbox (badness 1448) in paragraph at lines 3980--3981
\OT1/lmr/m/n/9 mand, Box-Com-mand, WireCom-mand
 []


Underfull \vbox (badness 10000) detected at line 3993
 []

[95

 <./images/chapter03-image34.png (PNG copy)>] [96] [97]
File: images/chapter03-cover.jpg Graphic file (type jpg)

<use images/chapter03-cover.jpg>
Package pdftex.def Info: images/chapter03-cover.jpg used on input line 4006.
(pdftex.def)             Requested size: 614.59148pt x 460.94362pt.
 [98

]
Overfull \hbox (4.41656pt too wide) in paragraph at lines 4071--4071
[]|[]| 
 []


Overfull \hbox (0.93845pt too wide) in alignment at lines 4015--4074
 [] [] [] [] [] [] [] [] 
 []


Underfull \vbox (badness 10000) detected at line 4074
 []


Overfull \hbox (0.93845pt too wide) in alignment at lines 4074--4130
 [] [] [] [] [] [] [] [] 
 []


Overfull \hbox (0.93845pt too wide) in alignment at lines 4130--4160
 [] [] [] [] [] [] [] [] 
 []

[99]
\GPT@outputbox=\box69
LaTeX Font Info:    Font shape `OMS/lmr/bx/n' in size <10.95> not available
(Font)              Font shape `OMS/lmsy/b/n' tried instead on input line 4189.

 [100

]
\tf@toc=\write5
\openout5 = `UserManual.toc'.

 (./UserManual.aux) ) 
Here is how much of TeX's memory you used:
 21366 strings out of 494977
 407996 string characters out of 6180184
 733238 words of memory out of 5000000
 24105 multiletter control sequences out of 15000+600000
 87430 words of font info for 59 fonts, out of 8000000 for 9000
 36 hyphenation exceptions out of 8191
 61i,18n,68p,894b,2364s stack positions out of 5000i,500n,10000p,200000b,80000s
{/usr/share/texmf/fonts/enc/dvips/lm/lm-mathsy.enc}{/usr/s
hare/texmf/fonts/enc/dvips/lm/lm-mathit.enc}{/usr/share/texmf/fonts/enc/dvips/l
m/lm-rm.enc}{/usr/share/texmf/fonts/enc/dvips/lm/lm-rmtt.enc}</usr/share/texmf/
fonts/type1/public/lm/lmbsy10.pfb></usr/share/texmf/fonts/type1/public/lm/lmbx1
0.pfb></usr/share/texmf/fonts/type1/public/lm/lmbx12.pfb></usr/share/texmf/font
s/type1/public/lm/lmbx9.pfb></usr/share/texmf/fonts/type1/public/lm/lmbxi10.pfb
></usr/share/texmf/fonts/type1/public/lm/lmmi10.pfb></usr/share/texmf/fonts/typ
e1/public/lm/lmmib10.pfb></usr/share/texmf/fonts/type1/public/lm/lmr10.pfb></us
r/share/texmf/fonts/type1/public/lm/lmr17.pfb></usr/share/texmf/fonts/type1/pub
lic/lm/lmr6.pfb></usr/share/texmf/fonts/type1/public/lm/lmr8.pfb></usr/share/te
xmf/fonts/type1/public/lm/lmr9.pfb></usr/share/texmf/fonts/type1/public/lm/lmri
10.pfb></usr/share/texmf/fonts/type1/public/lm/lmssbx10.pfb></usr/share/texmf/f
onts/type1/public/lm/lmsso10.pfb></usr/share/texmf/fonts/type1/public/lm/lmsy10
.pfb></usr/share/texmf/fonts/type1/public/lm/lmsy9.pfb></usr/share/texmf/fonts/
type1/public/lm/lmtk10.pfb></usr/share/texmf/fonts/type1/public/lm/lmtt10.pfb><
/usr/share/texmf/fonts/type1/public/lm/lmtt9.pfb></usr/share/texmf/fonts/type1/
public/lm/lmtti10.pfb>
Output written on UserManual.pdf (104 pages, 12741226 bytes).
PDF statistics:
 546 PDF objects out of 1000 (max. 8388607)
 336 compressed objects within 4 object streams
 0 named destinations out of 1000 (max. 500000)
 422 words of extra memory for PDF output out of 10000 (max. 10000000)

